2023/08/02 09:05:05 [notice] 1#1: using the "epoll" event method
2023/08/02 09:05:05 [notice] 1#1: nginx/1.25.1
2023/08/02 09:05:05 [notice] 1#1: built by gcc 12.2.1 20220924 (Alpine 12.2.1_git20220924-r4) 
2023/08/02 09:05:05 [notice] 1#1: OS: Linux 6.1.31-gentoo-dist
2023/08/02 09:05:05 [notice] 1#1: getrlimit(RLIMIT_NOFILE): 1048576:1048576
2023/08/02 09:05:05 [notice] 1#1: start worker processes
2023/08/02 09:05:05 [notice] 1#1: start worker process 29
2023/08/02 09:05:05 [notice] 1#1: start worker process 30
2023/08/02 09:05:05 [notice] 1#1: start worker process 31
2023/08/02 09:05:05 [notice] 1#1: start worker process 32
2023/08/02 09:05:05 [notice] 1#1: start worker process 33
2023/08/02 09:05:05 [notice] 1#1: start worker process 34
2023/08/02 09:05:05 [notice] 1#1: start worker process 35
2023/08/02 09:05:05 [notice] 1#1: start worker process 36
2023/08/02 09:05:22 [notice] 1#1: signal 3 (SIGQUIT) received, shutting down
2023/08/02 09:05:22 [notice] 29#29: gracefully shutting down
2023/08/02 09:05:22 [notice] 29#29: exiting
2023/08/02 09:05:22 [notice] 29#29: exit
2023/08/02 09:05:22 [notice] 30#30: gracefully shutting down
2023/08/02 09:05:22 [notice] 30#30: exiting
2023/08/02 09:05:22 [notice] 30#30: exit
2023/08/02 09:05:22 [notice] 32#32: gracefully shutting down
2023/08/02 09:05:22 [notice] 34#34: gracefully shutting down
2023/08/02 09:05:22 [notice] 33#33: gracefully shutting down
2023/08/02 09:05:22 [notice] 35#35: gracefully shutting down
2023/08/02 09:05:22 [notice] 32#32: exiting
2023/08/02 09:05:22 [notice] 33#33: exiting
2023/08/02 09:05:22 [notice] 34#34: exiting
2023/08/02 09:05:22 [notice] 35#35: exiting
2023/08/02 09:05:22 [notice] 33#33: exit
2023/08/02 09:05:22 [notice] 32#32: exit
2023/08/02 09:05:22 [notice] 35#35: exit
2023/08/02 09:05:22 [notice] 34#34: exit
2023/08/02 09:05:22 [notice] 36#36: gracefully shutting down
2023/08/02 09:05:22 [notice] 36#36: exiting
2023/08/02 09:05:22 [notice] 36#36: exit
2023/08/02 09:05:22 [notice] 31#31: gracefully shutting down
2023/08/02 09:05:22 [notice] 31#31: exiting
2023/08/02 09:05:22 [notice] 31#31: exit
2023/08/02 09:05:22 [notice] 1#1: signal 17 (SIGCHLD) received from 32
2023/08/02 09:05:22 [notice] 1#1: worker process 31 exited with code 0
2023/08/02 09:05:22 [notice] 1#1: worker process 32 exited with code 0
2023/08/02 09:05:22 [notice] 1#1: signal 29 (SIGIO) received
2023/08/02 09:05:22 [notice] 1#1: signal 17 (SIGCHLD) received from 30
2023/08/02 09:05:22 [notice] 1#1: worker process 29 exited with code 0
2023/08/02 09:05:22 [notice] 1#1: worker process 30 exited with code 0
2023/08/02 09:05:22 [notice] 1#1: worker process 33 exited with code 0
2023/08/02 09:05:22 [notice] 1#1: worker process 36 exited with code 0
2023/08/02 09:05:22 [notice] 1#1: signal 29 (SIGIO) received
2023/08/02 09:05:22 [notice] 1#1: signal 17 (SIGCHLD) received from 34
2023/08/02 09:05:22 [notice] 1#1: worker process 34 exited with code 0
2023/08/02 09:05:22 [notice] 1#1: signal 29 (SIGIO) received
2023/08/02 09:05:22 [notice] 1#1: signal 17 (SIGCHLD) received from 35
2023/08/02 09:05:22 [notice] 1#1: worker process 35 exited with code 0
2023/08/02 09:05:22 [notice] 1#1: exit
2023/08/02 09:05:28 [notice] 1#1: using the "epoll" event method
2023/08/02 09:05:28 [notice] 1#1: nginx/1.25.1
2023/08/02 09:05:28 [notice] 1#1: built by gcc 12.2.1 20220924 (Alpine 12.2.1_git20220924-r4) 
2023/08/02 09:05:28 [notice] 1#1: OS: Linux 6.1.31-gentoo-dist
2023/08/02 09:05:28 [notice] 1#1: getrlimit(RLIMIT_NOFILE): 1048576:1048576
2023/08/02 09:05:28 [notice] 1#1: start worker processes
2023/08/02 09:05:28 [notice] 1#1: start worker process 28
2023/08/02 09:05:28 [notice] 1#1: start worker process 29
2023/08/02 09:05:28 [notice] 1#1: start worker process 30
2023/08/02 09:05:28 [notice] 1#1: start worker process 31
2023/08/02 09:05:28 [notice] 1#1: start worker process 32
2023/08/02 09:05:28 [notice] 1#1: start worker process 33
2023/08/02 09:05:28 [notice] 1#1: start worker process 34
2023/08/02 09:05:28 [notice] 1#1: start worker process 35
2023/08/02 09:06:13 [error] 33#33: *6 directory index of "/var/www/html/" is forbidden, client: 172.18.0.1, server: , request: "GET / HTTP/1.1", host: "localhost:8080"
2023/08/02 09:06:13 [error] 33#33: *6 open() "/var/www/html/favicon.ico" failed (2: No such file or directory), client: 172.18.0.1, server: , request: "GET /favicon.ico HTTP/1.1", host: "localhost:8080", referrer: "http://localhost:8080/"
2023/08/02 09:06:14 [error] 33#33: *6 directory index of "/var/www/html/" is forbidden, client: 172.18.0.1, server: , request: "GET / HTTP/1.1", host: "localhost:8080"
2023/08/02 09:06:14 [error] 33#33: *6 directory index of "/var/www/html/" is forbidden, client: 172.18.0.1, server: , request: "GET / HTTP/1.1", host: "localhost:8080"
2023/08/02 09:06:38 [notice] 1#1: signal 3 (SIGQUIT) received, shutting down
2023/08/02 09:06:38 [notice] 28#28: gracefully shutting down
2023/08/02 09:06:38 [notice] 31#31: gracefully shutting down
2023/08/02 09:06:38 [notice] 29#29: gracefully shutting down
2023/08/02 09:06:38 [notice] 30#30: gracefully shutting down
2023/08/02 09:06:38 [notice] 28#28: exiting
2023/08/02 09:06:38 [notice] 31#31: exiting
2023/08/02 09:06:38 [notice] 29#29: exiting
2023/08/02 09:06:38 [notice] 30#30: exiting
2023/08/02 09:06:38 [notice] 28#28: exit
2023/08/02 09:06:38 [notice] 31#31: exit
2023/08/02 09:06:38 [notice] 30#30: exit
2023/08/02 09:06:38 [notice] 29#29: exit
2023/08/02 09:06:38 [notice] 32#32: gracefully shutting down
2023/08/02 09:06:38 [notice] 34#34: gracefully shutting down
2023/08/02 09:06:38 [notice] 35#35: gracefully shutting down
2023/08/02 09:06:38 [notice] 32#32: exiting
2023/08/02 09:06:38 [notice] 34#34: exiting
2023/08/02 09:06:38 [notice] 35#35: exiting
2023/08/02 09:06:38 [notice] 34#34: exit
2023/08/02 09:06:38 [notice] 32#32: exit
2023/08/02 09:06:38 [notice] 35#35: exit
2023/08/02 09:06:38 [notice] 33#33: gracefully shutting down
2023/08/02 09:06:38 [notice] 33#33: exiting
2023/08/02 09:06:38 [notice] 33#33: exit
2023/08/02 09:06:38 [notice] 1#1: signal 17 (SIGCHLD) received from 32
2023/08/02 09:06:38 [notice] 1#1: worker process 31 exited with code 0
2023/08/02 09:06:38 [notice] 1#1: worker process 32 exited with code 0
2023/08/02 09:06:38 [notice] 1#1: worker process 35 exited with code 0
2023/08/02 09:06:38 [notice] 1#1: signal 29 (SIGIO) received
2023/08/02 09:06:38 [notice] 1#1: signal 17 (SIGCHLD) received from 28
2023/08/02 09:06:38 [notice] 1#1: worker process 28 exited with code 0
2023/08/02 09:06:38 [notice] 1#1: signal 29 (SIGIO) received
2023/08/02 09:06:38 [notice] 1#1: signal 17 (SIGCHLD) received from 34
2023/08/02 09:06:38 [notice] 1#1: worker process 29 exited with code 0
2023/08/02 09:06:38 [notice] 1#1: worker process 30 exited with code 0
2023/08/02 09:06:38 [notice] 1#1: worker process 33 exited with code 0
2023/08/02 09:06:38 [notice] 1#1: worker process 34 exited with code 0
2023/08/02 09:06:38 [notice] 1#1: exit
2023/08/02 09:09:12 [notice] 1#1: using the "epoll" event method
2023/08/02 09:09:12 [notice] 1#1: nginx/1.25.1
2023/08/02 09:09:12 [notice] 1#1: built by gcc 12.2.1 20220924 (Alpine 12.2.1_git20220924-r4) 
2023/08/02 09:09:12 [notice] 1#1: OS: Linux 6.1.31-gentoo-dist
2023/08/02 09:09:12 [notice] 1#1: getrlimit(RLIMIT_NOFILE): 1048576:1048576
2023/08/02 09:09:12 [notice] 1#1: start worker processes
2023/08/02 09:09:12 [notice] 1#1: start worker process 29
2023/08/02 09:09:12 [notice] 1#1: start worker process 30
2023/08/02 09:09:12 [notice] 1#1: start worker process 31
2023/08/02 09:09:12 [notice] 1#1: start worker process 32
2023/08/02 09:09:12 [notice] 1#1: start worker process 33
2023/08/02 09:09:12 [notice] 1#1: start worker process 34
2023/08/02 09:09:12 [notice] 1#1: start worker process 35
2023/08/02 09:09:12 [notice] 1#1: start worker process 36
2023/08/02 09:11:20 [notice] 1#1: signal 3 (SIGQUIT) received, shutting down
2023/08/02 09:11:20 [notice] 29#29: gracefully shutting down
2023/08/02 09:11:20 [notice] 29#29: exiting
2023/08/02 09:11:20 [notice] 29#29: exit
2023/08/02 09:11:20 [notice] 34#34: gracefully shutting down
2023/08/02 09:11:20 [notice] 34#34: exiting
2023/08/02 09:11:20 [notice] 34#34: exit
2023/08/02 09:11:20 [notice] 30#30: gracefully shutting down
2023/08/02 09:11:20 [notice] 30#30: exiting
2023/08/02 09:11:20 [notice] 30#30: exit
2023/08/02 09:11:20 [notice] 31#31: gracefully shutting down
2023/08/02 09:11:20 [notice] 35#35: gracefully shutting down
2023/08/02 09:11:20 [notice] 31#31: exiting
2023/08/02 09:11:20 [notice] 35#35: exiting
2023/08/02 09:11:20 [notice] 31#31: exit
2023/08/02 09:11:20 [notice] 35#35: exit
2023/08/02 09:11:20 [notice] 32#32: gracefully shutting down
2023/08/02 09:11:20 [notice] 32#32: exiting
2023/08/02 09:11:20 [notice] 32#32: exit
2023/08/02 09:11:20 [notice] 33#33: gracefully shutting down
2023/08/02 09:11:20 [notice] 33#33: exiting
2023/08/02 09:11:20 [notice] 33#33: exit
2023/08/02 09:11:20 [notice] 36#36: gracefully shutting down
2023/08/02 09:11:20 [notice] 36#36: exiting
2023/08/02 09:11:20 [notice] 36#36: exit
2023/08/02 09:11:20 [notice] 1#1: signal 17 (SIGCHLD) received from 34
2023/08/02 09:11:20 [notice] 1#1: worker process 34 exited with code 0
2023/08/02 09:11:20 [notice] 1#1: worker process 35 exited with code 0
2023/08/02 09:11:20 [notice] 1#1: worker process 36 exited with code 0
2023/08/02 09:11:20 [notice] 1#1: signal 29 (SIGIO) received
2023/08/02 09:11:20 [notice] 1#1: signal 17 (SIGCHLD) received from 36
2023/08/02 09:11:20 [notice] 1#1: signal 17 (SIGCHLD) received from 33
2023/08/02 09:11:20 [notice] 1#1: worker process 29 exited with code 0
2023/08/02 09:11:20 [notice] 1#1: worker process 30 exited with code 0
2023/08/02 09:11:20 [notice] 1#1: worker process 31 exited with code 0
2023/08/02 09:11:20 [notice] 1#1: worker process 33 exited with code 0
2023/08/02 09:11:20 [notice] 1#1: signal 29 (SIGIO) received
2023/08/02 09:11:20 [notice] 1#1: signal 17 (SIGCHLD) received from 32
2023/08/02 09:11:20 [notice] 1#1: worker process 32 exited with code 0
2023/08/02 09:11:20 [notice] 1#1: exit
2023/08/02 09:11:27 [notice] 1#1: using the "epoll" event method
2023/08/02 09:11:27 [notice] 1#1: nginx/1.25.1
2023/08/02 09:11:27 [notice] 1#1: built by gcc 12.2.1 20220924 (Alpine 12.2.1_git20220924-r4) 
2023/08/02 09:11:27 [notice] 1#1: OS: Linux 6.1.31-gentoo-dist
2023/08/02 09:11:27 [notice] 1#1: getrlimit(RLIMIT_NOFILE): 1048576:1048576
2023/08/02 09:11:27 [notice] 1#1: start worker processes
2023/08/02 09:11:27 [notice] 1#1: start worker process 29
2023/08/02 09:11:27 [notice] 1#1: start worker process 30
2023/08/02 09:11:27 [notice] 1#1: start worker process 31
2023/08/02 09:11:27 [notice] 1#1: start worker process 32
2023/08/02 09:11:27 [notice] 1#1: start worker process 33
2023/08/02 09:11:27 [notice] 1#1: start worker process 34
2023/08/02 09:11:27 [notice] 1#1: start worker process 35
2023/08/02 09:11:27 [notice] 1#1: start worker process 36
2023/08/02 09:15:00 [notice] 1#1: signal 3 (SIGQUIT) received, shutting down
2023/08/02 09:15:00 [notice] 29#29: gracefully shutting down
2023/08/02 09:15:00 [notice] 32#32: gracefully shutting down
2023/08/02 09:15:00 [notice] 29#29: exiting
2023/08/02 09:15:00 [notice] 30#30: gracefully shutting down
2023/08/02 09:15:00 [notice] 36#36: gracefully shutting down
2023/08/02 09:15:00 [notice] 32#32: exiting
2023/08/02 09:15:00 [notice] 30#30: exiting
2023/08/02 09:15:00 [notice] 36#36: exiting
2023/08/02 09:15:00 [notice] 31#31: gracefully shutting down
2023/08/02 09:15:00 [notice] 31#31: exiting
2023/08/02 09:15:00 [notice] 29#29: exit
2023/08/02 09:15:00 [notice] 30#30: exit
2023/08/02 09:15:00 [notice] 32#32: exit
2023/08/02 09:15:00 [notice] 36#36: exit
2023/08/02 09:15:00 [notice] 31#31: exit
2023/08/02 09:15:00 [notice] 34#34: gracefully shutting down
2023/08/02 09:15:00 [notice] 34#34: exiting
2023/08/02 09:15:00 [notice] 34#34: exit
2023/08/02 09:15:00 [notice] 35#35: gracefully shutting down
2023/08/02 09:15:00 [notice] 35#35: exiting
2023/08/02 09:15:00 [notice] 35#35: exit
2023/08/02 09:15:00 [notice] 33#33: gracefully shutting down
2023/08/02 09:15:00 [notice] 33#33: exiting
2023/08/02 09:15:00 [notice] 33#33: exit
2023/08/02 09:15:01 [notice] 1#1: signal 17 (SIGCHLD) received from 35
2023/08/02 09:15:01 [notice] 1#1: worker process 32 exited with code 0
2023/08/02 09:15:01 [notice] 1#1: worker process 33 exited with code 0
2023/08/02 09:15:01 [notice] 1#1: worker process 35 exited with code 0
2023/08/02 09:15:01 [notice] 1#1: worker process 36 exited with code 0
2023/08/02 09:15:01 [notice] 1#1: signal 29 (SIGIO) received
2023/08/02 09:15:01 [notice] 1#1: signal 17 (SIGCHLD) received from 29
2023/08/02 09:15:01 [notice] 1#1: worker process 29 exited with code 0
2023/08/02 09:15:01 [notice] 1#1: signal 29 (SIGIO) received
2023/08/02 09:15:01 [notice] 1#1: signal 17 (SIGCHLD) received from 30
2023/08/02 09:15:01 [notice] 1#1: worker process 30 exited with code 0
2023/08/02 09:15:01 [notice] 1#1: worker process 31 exited with code 0
2023/08/02 09:15:01 [notice] 1#1: signal 29 (SIGIO) received
2023/08/02 09:15:01 [notice] 1#1: signal 17 (SIGCHLD) received from 34
2023/08/02 09:15:01 [notice] 1#1: worker process 34 exited with code 0
2023/08/02 09:15:01 [notice] 1#1: exit
2023/08/02 09:15:07 [notice] 1#1: using the "epoll" event method
2023/08/02 09:15:07 [notice] 1#1: nginx/1.25.1
2023/08/02 09:15:07 [notice] 1#1: built by gcc 12.2.1 20220924 (Alpine 12.2.1_git20220924-r4) 
2023/08/02 09:15:07 [notice] 1#1: OS: Linux 6.1.31-gentoo-dist
2023/08/02 09:15:07 [notice] 1#1: getrlimit(RLIMIT_NOFILE): 1048576:1048576
2023/08/02 09:15:07 [notice] 1#1: start worker processes
2023/08/02 09:15:07 [notice] 1#1: start worker process 29
2023/08/02 09:15:07 [notice] 1#1: start worker process 30
2023/08/02 09:15:07 [notice] 1#1: start worker process 31
2023/08/02 09:15:07 [notice] 1#1: start worker process 32
2023/08/02 09:15:07 [notice] 1#1: start worker process 33
2023/08/02 09:15:07 [notice] 1#1: start worker process 34
2023/08/02 09:15:07 [notice] 1#1: start worker process 35
2023/08/02 09:15:07 [notice] 1#1: start worker process 36
2023/08/02 09:15:27 [error] 30#30: *5 open() "/var/www/html/favicon.ico" failed (2: No such file or directory), client: 172.20.0.1, server: , request: "GET /favicon.ico HTTP/1.1", host: "127.0.0.1:8080", referrer: "http://127.0.0.1:8080/"
2023/08/02 09:16:07 [notice] 1#1: signal 3 (SIGQUIT) received, shutting down
2023/08/02 09:16:07 [notice] 31#31: gracefully shutting down
2023/08/02 09:16:07 [notice] 31#31: exiting
2023/08/02 09:16:07 [notice] 29#29: gracefully shutting down
2023/08/02 09:16:07 [notice] 31#31: exit
2023/08/02 09:16:07 [notice] 29#29: exiting
2023/08/02 09:16:07 [notice] 29#29: exit
2023/08/02 09:16:07 [notice] 30#30: gracefully shutting down
2023/08/02 09:16:07 [notice] 30#30: exiting
2023/08/02 09:16:07 [notice] 30#30: exit
2023/08/02 09:16:07 [notice] 32#32: gracefully shutting down
2023/08/02 09:16:07 [notice] 32#32: exiting
2023/08/02 09:16:07 [notice] 33#33: gracefully shutting down
2023/08/02 09:16:07 [notice] 33#33: exiting
2023/08/02 09:16:07 [notice] 33#33: exit
2023/08/02 09:16:07 [notice] 32#32: exit
2023/08/02 09:16:07 [notice] 36#36: gracefully shutting down
2023/08/02 09:16:07 [notice] 36#36: exiting
2023/08/02 09:16:07 [notice] 36#36: exit
2023/08/02 09:16:07 [notice] 34#34: gracefully shutting down
2023/08/02 09:16:07 [notice] 34#34: exiting
2023/08/02 09:16:07 [notice] 34#34: exit
2023/08/02 09:16:07 [notice] 35#35: gracefully shutting down
2023/08/02 09:16:07 [notice] 35#35: exiting
2023/08/02 09:16:07 [notice] 35#35: exit
2023/08/02 09:16:07 [notice] 1#1: signal 17 (SIGCHLD) received from 33
2023/08/02 09:16:07 [notice] 1#1: worker process 29 exited with code 0
2023/08/02 09:16:07 [notice] 1#1: worker process 33 exited with code 0
2023/08/02 09:16:07 [notice] 1#1: worker process 34 exited with code 0
2023/08/02 09:16:07 [notice] 1#1: signal 29 (SIGIO) received
2023/08/02 09:16:07 [notice] 1#1: signal 17 (SIGCHLD) received from 35
2023/08/02 09:16:07 [notice] 1#1: worker process 35 exited with code 0
2023/08/02 09:16:07 [notice] 1#1: signal 29 (SIGIO) received
2023/08/02 09:16:07 [notice] 1#1: signal 17 (SIGCHLD) received from 30
2023/08/02 09:16:07 [notice] 1#1: worker process 30 exited with code 0
2023/08/02 09:16:07 [notice] 1#1: signal 29 (SIGIO) received
2023/08/02 09:16:07 [notice] 1#1: signal 17 (SIGCHLD) received from 32
2023/08/02 09:16:07 [notice] 1#1: worker process 32 exited with code 0
2023/08/02 09:16:07 [notice] 1#1: signal 29 (SIGIO) received
2023/08/02 09:16:07 [notice] 1#1: signal 17 (SIGCHLD) received from 36
2023/08/02 09:16:07 [notice] 1#1: worker process 36 exited with code 0
2023/08/02 09:16:07 [notice] 1#1: signal 17 (SIGCHLD) received from 31
2023/08/02 09:16:07 [notice] 1#1: worker process 31 exited with code 0
2023/08/02 09:16:07 [notice] 1#1: exit
2023/08/02 09:16:14 [notice] 1#1: using the "epoll" event method
2023/08/02 09:16:14 [notice] 1#1: nginx/1.25.1
2023/08/02 09:16:14 [notice] 1#1: built by gcc 12.2.1 20220924 (Alpine 12.2.1_git20220924-r4) 
2023/08/02 09:16:14 [notice] 1#1: OS: Linux 6.1.31-gentoo-dist
2023/08/02 09:16:14 [notice] 1#1: getrlimit(RLIMIT_NOFILE): 1048576:1048576
2023/08/02 09:16:14 [notice] 1#1: start worker processes
2023/08/02 09:16:14 [notice] 1#1: start worker process 29
2023/08/02 09:16:14 [notice] 1#1: start worker process 30
2023/08/02 09:16:14 [notice] 1#1: start worker process 31
2023/08/02 09:16:14 [notice] 1#1: start worker process 32
2023/08/02 09:16:14 [notice] 1#1: start worker process 33
2023/08/02 09:16:14 [notice] 1#1: start worker process 34
2023/08/02 09:16:14 [notice] 1#1: start worker process 35
2023/08/02 09:16:14 [notice] 1#1: start worker process 36
2023/08/02 09:32:03 [notice] 1#1: signal 3 (SIGQUIT) received, shutting down
2023/08/02 09:32:03 [notice] 31#31: gracefully shutting down
2023/08/02 09:32:03 [notice] 33#33: gracefully shutting down
2023/08/02 09:32:03 [notice] 29#29: gracefully shutting down
2023/08/02 09:32:03 [notice] 36#36: gracefully shutting down
2023/08/02 09:32:03 [notice] 31#31: exiting
2023/08/02 09:32:03 [notice] 33#33: exiting
2023/08/02 09:32:03 [notice] 36#36: exiting
2023/08/02 09:32:03 [notice] 29#29: exiting
2023/08/02 09:32:03 [notice] 34#34: gracefully shutting down
2023/08/02 09:32:03 [notice] 34#34: exiting
2023/08/02 09:32:03 [notice] 35#35: gracefully shutting down
2023/08/02 09:32:03 [notice] 33#33: exit
2023/08/02 09:32:03 [notice] 36#36: exit
2023/08/02 09:32:03 [notice] 31#31: exit
2023/08/02 09:32:03 [notice] 35#35: exiting
2023/08/02 09:32:03 [notice] 29#29: exit
2023/08/02 09:32:03 [notice] 34#34: exit
2023/08/02 09:32:03 [notice] 35#35: exit
2023/08/02 09:32:03 [notice] 32#32: gracefully shutting down
2023/08/02 09:32:03 [notice] 32#32: exiting
2023/08/02 09:32:03 [notice] 32#32: exit
2023/08/02 09:32:03 [notice] 30#30: gracefully shutting down
2023/08/02 09:32:03 [notice] 30#30: exiting
2023/08/02 09:32:03 [notice] 30#30: exit
2023/08/02 09:32:04 [notice] 1#1: signal 17 (SIGCHLD) received from 36
2023/08/02 09:32:04 [notice] 1#1: worker process 33 exited with code 0
2023/08/02 09:32:04 [notice] 1#1: worker process 36 exited with code 0
2023/08/02 09:32:04 [notice] 1#1: signal 29 (SIGIO) received
2023/08/02 09:32:04 [notice] 1#1: signal 17 (SIGCHLD) received from 33
2023/08/02 09:32:04 [notice] 1#1: signal 17 (SIGCHLD) received from 31
2023/08/02 09:32:04 [notice] 1#1: worker process 31 exited with code 0
2023/08/02 09:32:04 [notice] 1#1: signal 29 (SIGIO) received
2023/08/02 09:32:04 [notice] 1#1: signal 17 (SIGCHLD) received from 32
2023/08/02 09:32:04 [notice] 1#1: worker process 32 exited with code 0
2023/08/02 09:32:04 [notice] 1#1: signal 29 (SIGIO) received
2023/08/02 09:32:04 [notice] 1#1: signal 17 (SIGCHLD) received from 29
2023/08/02 09:32:04 [notice] 1#1: worker process 29 exited with code 0
2023/08/02 09:32:04 [notice] 1#1: signal 29 (SIGIO) received
2023/08/02 09:32:04 [notice] 1#1: signal 17 (SIGCHLD) received from 35
2023/08/02 09:32:04 [notice] 1#1: worker process 35 exited with code 0
2023/08/02 09:32:04 [notice] 1#1: signal 29 (SIGIO) received
2023/08/02 09:32:04 [notice] 1#1: signal 17 (SIGCHLD) received from 30
2023/08/02 09:32:04 [notice] 1#1: worker process 30 exited with code 0
2023/08/02 09:32:04 [notice] 1#1: signal 17 (SIGCHLD) received from 34
2023/08/02 09:32:04 [notice] 1#1: worker process 34 exited with code 0
2023/08/02 09:32:04 [notice] 1#1: exit
2023/08/02 09:32:47 [notice] 1#1: using the "epoll" event method
2023/08/02 09:32:47 [notice] 1#1: nginx/1.25.1
2023/08/02 09:32:47 [notice] 1#1: built by gcc 12.2.1 20220924 (Alpine 12.2.1_git20220924-r4) 
2023/08/02 09:32:47 [notice] 1#1: OS: Linux 6.1.31-gentoo-dist
2023/08/02 09:32:47 [notice] 1#1: getrlimit(RLIMIT_NOFILE): 1048576:1048576
2023/08/02 09:32:47 [notice] 1#1: start worker processes
2023/08/02 09:32:47 [notice] 1#1: start worker process 29
2023/08/02 09:32:47 [notice] 1#1: start worker process 30
2023/08/02 09:32:47 [notice] 1#1: start worker process 31
2023/08/02 09:32:47 [notice] 1#1: start worker process 32
2023/08/02 09:32:47 [notice] 1#1: start worker process 33
2023/08/02 09:32:47 [notice] 1#1: start worker process 34
2023/08/02 09:32:47 [notice] 1#1: start worker process 35
2023/08/02 09:32:47 [notice] 1#1: start worker process 36
2023/08/02 09:37:13 [notice] 1#1: signal 3 (SIGQUIT) received, shutting down
2023/08/02 09:37:13 [notice] 29#29: gracefully shutting down
2023/08/02 09:37:13 [notice] 30#30: gracefully shutting down
2023/08/02 09:37:13 [notice] 33#33: gracefully shutting down
2023/08/02 09:37:13 [notice] 32#32: gracefully shutting down
2023/08/02 09:37:13 [notice] 31#31: gracefully shutting down
2023/08/02 09:37:13 [notice] 30#30: exiting
2023/08/02 09:37:13 [notice] 33#33: exiting
2023/08/02 09:37:13 [notice] 32#32: exiting
2023/08/02 09:37:13 [notice] 31#31: exiting
2023/08/02 09:37:13 [notice] 29#29: exiting
2023/08/02 09:37:13 [notice] 30#30: exit
2023/08/02 09:37:13 [notice] 32#32: exit
2023/08/02 09:37:13 [notice] 31#31: exit
2023/08/02 09:37:13 [notice] 33#33: exit
2023/08/02 09:37:13 [notice] 29#29: exit
2023/08/02 09:37:13 [notice] 35#35: gracefully shutting down
2023/08/02 09:37:13 [notice] 35#35: exiting
2023/08/02 09:37:13 [notice] 35#35: exit
2023/08/02 09:37:13 [notice] 34#34: gracefully shutting down
2023/08/02 09:37:13 [notice] 34#34: exiting
2023/08/02 09:37:13 [notice] 36#36: gracefully shutting down
2023/08/02 09:37:13 [notice] 34#34: exit
2023/08/02 09:37:13 [notice] 36#36: exiting
2023/08/02 09:37:13 [notice] 36#36: exit
2023/08/02 09:37:13 [notice] 1#1: signal 17 (SIGCHLD) received from 30
2023/08/02 09:37:13 [notice] 1#1: worker process 29 exited with code 0
2023/08/02 09:37:13 [notice] 1#1: worker process 30 exited with code 0
2023/08/02 09:37:13 [notice] 1#1: signal 29 (SIGIO) received
2023/08/02 09:37:13 [notice] 1#1: signal 17 (SIGCHLD) received from 29
2023/08/02 09:37:13 [notice] 1#1: signal 17 (SIGCHLD) received from 32
2023/08/02 09:37:13 [notice] 1#1: worker process 32 exited with code 0
2023/08/02 09:37:13 [notice] 1#1: signal 29 (SIGIO) received
2023/08/02 09:37:13 [notice] 1#1: signal 17 (SIGCHLD) received from 31
2023/08/02 09:37:13 [notice] 1#1: worker process 31 exited with code 0
2023/08/02 09:37:13 [notice] 1#1: worker process 33 exited with code 0
2023/08/02 09:37:13 [notice] 1#1: signal 29 (SIGIO) received
2023/08/02 09:37:13 [notice] 1#1: signal 17 (SIGCHLD) received from 34
2023/08/02 09:37:13 [notice] 1#1: worker process 34 exited with code 0
2023/08/02 09:37:13 [notice] 1#1: signal 29 (SIGIO) received
2023/08/02 09:37:13 [notice] 1#1: signal 17 (SIGCHLD) received from 35
2023/08/02 09:37:13 [notice] 1#1: worker process 35 exited with code 0
2023/08/02 09:37:13 [notice] 1#1: signal 29 (SIGIO) received
2023/08/02 09:37:13 [notice] 1#1: signal 17 (SIGCHLD) received from 36
2023/08/02 09:37:13 [notice] 1#1: worker process 36 exited with code 0
2023/08/02 09:37:13 [notice] 1#1: exit
2023/08/02 09:38:01 [notice] 1#1: using the "epoll" event method
2023/08/02 09:38:01 [notice] 1#1: nginx/1.25.1
2023/08/02 09:38:01 [notice] 1#1: built by gcc 12.2.1 20220924 (Alpine 12.2.1_git20220924-r4) 
2023/08/02 09:38:01 [notice] 1#1: OS: Linux 6.1.31-gentoo-dist
2023/08/02 09:38:01 [notice] 1#1: getrlimit(RLIMIT_NOFILE): 1048576:1048576
2023/08/02 09:38:01 [notice] 1#1: start worker processes
2023/08/02 09:38:01 [notice] 1#1: start worker process 28
2023/08/02 09:38:01 [notice] 1#1: start worker process 29
2023/08/02 09:38:01 [notice] 1#1: start worker process 30
2023/08/02 09:38:01 [notice] 1#1: start worker process 31
2023/08/02 09:38:01 [notice] 1#1: start worker process 32
2023/08/02 09:38:01 [notice] 1#1: start worker process 33
2023/08/02 09:38:01 [notice] 1#1: start worker process 34
2023/08/02 09:38:01 [notice] 1#1: start worker process 35
2023/08/02 09:49:47 [notice] 1#1: signal 3 (SIGQUIT) received, shutting down
2023/08/02 09:49:47 [notice] 29#29: gracefully shutting down
2023/08/02 09:49:47 [notice] 29#29: exiting
2023/08/02 09:49:47 [notice] 29#29: exit
2023/08/02 09:49:47 [notice] 30#30: gracefully shutting down
2023/08/02 09:49:47 [notice] 30#30: exiting
2023/08/02 09:49:47 [notice] 30#30: exit
2023/08/02 09:49:47 [notice] 28#28: gracefully shutting down
2023/08/02 09:49:47 [notice] 28#28: exiting
2023/08/02 09:49:47 [notice] 28#28: exit
2023/08/02 09:49:47 [notice] 31#31: gracefully shutting down
2023/08/02 09:49:47 [notice] 31#31: exiting
2023/08/02 09:49:47 [notice] 32#32: gracefully shutting down
2023/08/02 09:49:47 [notice] 31#31: exit
2023/08/02 09:49:47 [notice] 32#32: exiting
2023/08/02 09:49:47 [notice] 32#32: exit
2023/08/02 09:49:47 [notice] 33#33: gracefully shutting down
2023/08/02 09:49:47 [notice] 33#33: exiting
2023/08/02 09:49:47 [notice] 33#33: exit
2023/08/02 09:49:47 [notice] 34#34: gracefully shutting down
2023/08/02 09:49:47 [notice] 34#34: exiting
2023/08/02 09:49:47 [notice] 34#34: exit
2023/08/02 09:49:47 [notice] 35#35: gracefully shutting down
2023/08/02 09:49:47 [notice] 35#35: exiting
2023/08/02 09:49:47 [notice] 35#35: exit
2023/08/02 09:49:47 [notice] 1#1: signal 17 (SIGCHLD) received from 29
2023/08/02 09:49:47 [notice] 1#1: worker process 29 exited with code 0
2023/08/02 09:49:47 [notice] 1#1: worker process 31 exited with code 0
2023/08/02 09:49:47 [notice] 1#1: signal 29 (SIGIO) received
2023/08/02 09:49:47 [notice] 1#1: signal 17 (SIGCHLD) received from 30
2023/08/02 09:49:47 [notice] 1#1: worker process 30 exited with code 0
2023/08/02 09:49:47 [notice] 1#1: worker process 33 exited with code 0
2023/08/02 09:49:47 [notice] 1#1: signal 29 (SIGIO) received
2023/08/02 09:49:47 [notice] 1#1: signal 17 (SIGCHLD) received from 33
2023/08/02 09:49:47 [notice] 1#1: signal 17 (SIGCHLD) received from 28
2023/08/02 09:49:47 [notice] 1#1: worker process 28 exited with code 0
2023/08/02 09:49:47 [notice] 1#1: worker process 32 exited with code 0
2023/08/02 09:49:47 [notice] 1#1: worker process 34 exited with code 0
2023/08/02 09:49:47 [notice] 1#1: signal 29 (SIGIO) received
2023/08/02 09:49:47 [notice] 1#1: signal 17 (SIGCHLD) received from 34
2023/08/02 09:49:47 [notice] 1#1: signal 17 (SIGCHLD) received from 35
2023/08/02 09:49:47 [notice] 1#1: worker process 35 exited with code 0
2023/08/02 09:49:47 [notice] 1#1: exit
2023/08/02 09:50:57 [notice] 1#1: using the "epoll" event method
2023/08/02 09:50:57 [notice] 1#1: nginx/1.25.1
2023/08/02 09:50:57 [notice] 1#1: built by gcc 12.2.1 20220924 (Alpine 12.2.1_git20220924-r4) 
2023/08/02 09:50:57 [notice] 1#1: OS: Linux 6.1.31-gentoo-dist
2023/08/02 09:50:57 [notice] 1#1: getrlimit(RLIMIT_NOFILE): 1048576:1048576
2023/08/02 09:50:57 [notice] 1#1: start worker processes
2023/08/02 09:50:57 [notice] 1#1: start worker process 29
2023/08/02 09:50:57 [notice] 1#1: start worker process 30
2023/08/02 09:50:57 [notice] 1#1: start worker process 31
2023/08/02 09:50:57 [notice] 1#1: start worker process 32
2023/08/02 09:50:57 [notice] 1#1: start worker process 33
2023/08/02 09:50:57 [notice] 1#1: start worker process 34
2023/08/02 09:50:57 [notice] 1#1: start worker process 35
2023/08/02 09:50:57 [notice] 1#1: start worker process 36
2023/08/02 09:54:09 [notice] 1#1: signal 3 (SIGQUIT) received, shutting down
2023/08/02 09:54:09 [notice] 29#29: gracefully shutting down
2023/08/02 09:54:09 [notice] 30#30: gracefully shutting down
2023/08/02 09:54:09 [notice] 31#31: gracefully shutting down
2023/08/02 09:54:09 [notice] 33#33: gracefully shutting down
2023/08/02 09:54:09 [notice] 36#36: gracefully shutting down
2023/08/02 09:54:09 [notice] 30#30: exiting
2023/08/02 09:54:09 [notice] 31#31: exiting
2023/08/02 09:54:09 [notice] 33#33: exiting
2023/08/02 09:54:09 [notice] 36#36: exiting
2023/08/02 09:54:09 [notice] 29#29: exiting
2023/08/02 09:54:09 [notice] 31#31: exit
2023/08/02 09:54:09 [notice] 30#30: exit
2023/08/02 09:54:09 [notice] 36#36: exit
2023/08/02 09:54:09 [notice] 33#33: exit
2023/08/02 09:54:09 [notice] 29#29: exit
2023/08/02 09:54:09 [notice] 34#34: gracefully shutting down
2023/08/02 09:54:09 [notice] 34#34: exiting
2023/08/02 09:54:09 [notice] 34#34: exit
2023/08/02 09:54:09 [notice] 32#32: gracefully shutting down
2023/08/02 09:54:09 [notice] 32#32: exiting
2023/08/02 09:54:09 [notice] 32#32: exit
2023/08/02 09:54:09 [notice] 35#35: gracefully shutting down
2023/08/02 09:54:09 [notice] 35#35: exiting
2023/08/02 09:54:09 [notice] 35#35: exit
2023/08/02 09:54:09 [notice] 1#1: signal 17 (SIGCHLD) received from 36
2023/08/02 09:54:09 [notice] 1#1: worker process 36 exited with code 0
2023/08/02 09:54:09 [notice] 1#1: signal 29 (SIGIO) received
2023/08/02 09:54:09 [notice] 1#1: signal 17 (SIGCHLD) received from 30
2023/08/02 09:54:09 [notice] 1#1: worker process 30 exited with code 0
2023/08/02 09:54:09 [notice] 1#1: worker process 31 exited with code 0
2023/08/02 09:54:09 [notice] 1#1: worker process 32 exited with code 0
2023/08/02 09:54:09 [notice] 1#1: worker process 33 exited with code 0
2023/08/02 09:54:09 [notice] 1#1: signal 29 (SIGIO) received
2023/08/02 09:54:09 [notice] 1#1: signal 17 (SIGCHLD) received from 33
2023/08/02 09:54:09 [notice] 1#1: worker process 35 exited with code 0
2023/08/02 09:54:09 [notice] 1#1: signal 29 (SIGIO) received
2023/08/02 09:54:09 [notice] 1#1: signal 17 (SIGCHLD) received from 34
2023/08/02 09:54:09 [notice] 1#1: worker process 34 exited with code 0
2023/08/02 09:54:09 [notice] 1#1: worker process 29 exited with code 0
2023/08/02 09:54:09 [notice] 1#1: exit
2023/08/02 09:54:42 [notice] 1#1: using the "epoll" event method
2023/08/02 09:54:42 [notice] 1#1: nginx/1.25.1
2023/08/02 09:54:42 [notice] 1#1: built by gcc 12.2.1 20220924 (Alpine 12.2.1_git20220924-r4) 
2023/08/02 09:54:42 [notice] 1#1: OS: Linux 6.1.31-gentoo-dist
2023/08/02 09:54:42 [notice] 1#1: getrlimit(RLIMIT_NOFILE): 1048576:1048576
2023/08/02 09:54:42 [notice] 1#1: start worker processes
2023/08/02 09:54:42 [notice] 1#1: start worker process 29
2023/08/02 09:54:42 [notice] 1#1: start worker process 30
2023/08/02 09:54:42 [notice] 1#1: start worker process 31
2023/08/02 09:54:42 [notice] 1#1: start worker process 32
2023/08/02 09:54:42 [notice] 1#1: start worker process 33
2023/08/02 09:54:42 [notice] 1#1: start worker process 34
2023/08/02 09:54:42 [notice] 1#1: start worker process 35
2023/08/02 09:54:42 [notice] 1#1: start worker process 36
2023/08/02 09:55:25 [notice] 1#1: signal 3 (SIGQUIT) received, shutting down
2023/08/02 09:55:25 [notice] 29#29: gracefully shutting down
2023/08/02 09:55:25 [notice] 34#34: gracefully shutting down
2023/08/02 09:55:25 [notice] 30#30: gracefully shutting down
2023/08/02 09:55:25 [notice] 34#34: exiting
2023/08/02 09:55:25 [notice] 30#30: exiting
2023/08/02 09:55:25 [notice] 29#29: exiting
2023/08/02 09:55:25 [notice] 30#30: exit
2023/08/02 09:55:25 [notice] 34#34: exit
2023/08/02 09:55:25 [notice] 29#29: exit
2023/08/02 09:55:25 [notice] 31#31: gracefully shutting down
2023/08/02 09:55:25 [notice] 31#31: exiting
2023/08/02 09:55:25 [notice] 31#31: exit
2023/08/02 09:55:25 [notice] 32#32: gracefully shutting down
2023/08/02 09:55:25 [notice] 32#32: exiting
2023/08/02 09:55:25 [notice] 33#33: gracefully shutting down
2023/08/02 09:55:25 [notice] 35#35: gracefully shutting down
2023/08/02 09:55:25 [notice] 33#33: exiting
2023/08/02 09:55:25 [notice] 35#35: exiting
2023/08/02 09:55:25 [notice] 32#32: exit
2023/08/02 09:55:25 [notice] 35#35: exit
2023/08/02 09:55:25 [notice] 33#33: exit
2023/08/02 09:55:25 [notice] 36#36: gracefully shutting down
2023/08/02 09:55:25 [notice] 36#36: exiting
2023/08/02 09:55:25 [notice] 36#36: exit
2023/08/02 09:55:25 [notice] 1#1: signal 17 (SIGCHLD) received from 33
2023/08/02 09:55:25 [notice] 1#1: worker process 33 exited with code 0
2023/08/02 09:55:25 [notice] 1#1: worker process 30 exited with code 0
2023/08/02 09:55:25 [notice] 1#1: worker process 34 exited with code 0
2023/08/02 09:55:25 [notice] 1#1: worker process 35 exited with code 0
2023/08/02 09:55:25 [notice] 1#1: worker process 36 exited with code 0
2023/08/02 09:55:25 [notice] 1#1: signal 29 (SIGIO) received
2023/08/02 09:55:25 [notice] 1#1: signal 17 (SIGCHLD) received from 34
2023/08/02 09:55:25 [notice] 1#1: worker process 31 exited with code 0
2023/08/02 09:55:25 [notice] 1#1: signal 29 (SIGIO) received
2023/08/02 09:55:25 [notice] 1#1: signal 17 (SIGCHLD) received from 32
2023/08/02 09:55:25 [notice] 1#1: worker process 29 exited with code 0
2023/08/02 09:55:25 [notice] 1#1: worker process 32 exited with code 0
2023/08/02 09:55:25 [notice] 1#1: exit
2023/08/02 09:56:00 [notice] 1#1: using the "epoll" event method
2023/08/02 09:56:00 [notice] 1#1: nginx/1.25.1
2023/08/02 09:56:00 [notice] 1#1: built by gcc 12.2.1 20220924 (Alpine 12.2.1_git20220924-r4) 
2023/08/02 09:56:00 [notice] 1#1: OS: Linux 6.1.31-gentoo-dist
2023/08/02 09:56:00 [notice] 1#1: getrlimit(RLIMIT_NOFILE): 1048576:1048576
2023/08/02 09:56:00 [notice] 1#1: start worker processes
2023/08/02 09:56:00 [notice] 1#1: start worker process 29
2023/08/02 09:56:00 [notice] 1#1: start worker process 30
2023/08/02 09:56:00 [notice] 1#1: start worker process 31
2023/08/02 09:56:00 [notice] 1#1: start worker process 32
2023/08/02 09:56:00 [notice] 1#1: start worker process 33
2023/08/02 09:56:00 [notice] 1#1: start worker process 34
2023/08/02 09:56:00 [notice] 1#1: start worker process 35
2023/08/02 09:56:00 [notice] 1#1: start worker process 36
2023/08/02 09:57:19 [error] 30#30: *3 upstream timed out (110: Operation timed out) while reading response header from upstream, client: 172.30.0.1, server: , request: "GET /github.php HTTP/1.1", upstream: "fastcgi://172.30.0.2:9000", host: "localhost:8080", referrer: "http://localhost:8080/"
2023/08/02 10:00:19 [error] 31#31: *5 upstream timed out (110: Operation timed out) while reading response header from upstream, client: 172.30.0.1, server: , request: "GET /github.php HTTP/1.1", upstream: "fastcgi://172.30.0.2:9000", host: "localhost:8080", referrer: "http://localhost:8080/"
2023/08/02 10:00:48 [error] 33#33: *11 upstream timed out (110: Operation timed out) while reading response header from upstream, client: 172.30.0.1, server: , request: "GET /github.php HTTP/1.1", upstream: "fastcgi://172.30.0.2:9000", host: "localhost:8080", referrer: "http://localhost:8080/"
2023/08/02 10:08:52 [error] 29#29: *28 upstream timed out (110: Operation timed out) while reading response header from upstream, client: 172.30.0.1, server: , request: "GET /sql_test.php HTTP/1.1", upstream: "fastcgi://172.30.0.2:9000", host: "localhost:8080"
2023/08/02 10:13:42 [error] 29#29: *31 upstream timed out (110: Operation timed out) while reading response header from upstream, client: 172.30.0.1, server: , request: "GET /sql_test.php HTTP/1.1", upstream: "fastcgi://172.30.0.2:9000", host: "localhost:8080"
2023/08/02 10:17:28 [error] 29#29: *51 upstream timed out (110: Operation timed out) while reading response header from upstream, client: 172.30.0.1, server: , request: "GET /sql_test.php HTTP/1.1", upstream: "fastcgi://172.30.0.2:9000", host: "localhost:8080"
2023/08/02 10:18:52 [error] 29#29: *51 upstream timed out (110: Operation timed out) while reading response header from upstream, client: 172.30.0.1, server: , request: "GET /sql_test.php HTTP/1.1", upstream: "fastcgi://172.30.0.2:9000", host: "localhost:8080"
2023/08/02 10:23:28 [error] 29#29: *56 upstream timed out (110: Operation timed out) while reading response header from upstream, client: 172.30.0.1, server: , request: "GET /sql_test.php HTTP/1.1", upstream: "fastcgi://172.30.0.2:9000", host: "localhost:8080"
2023/08/02 10:23:28 [error] 29#29: *56 open() "/var/www/html/favicon.ico" failed (2: No such file or directory), client: 172.30.0.1, server: , request: "GET /favicon.ico HTTP/1.1", host: "localhost:8080", referrer: "http://localhost:8080/sql_test.php"
2023/08/02 10:24:09 [error] 29#29: *70 upstream timed out (110: Operation timed out) while reading response header from upstream, client: 172.30.0.1, server: , request: "GET /github.php HTTP/1.1", upstream: "fastcgi://172.30.0.2:9000", host: "localhost:8080", referrer: "http://localhost:8080/"
2023/08/02 10:24:43 [error] 29#29: *70 recv() failed (104: Connection reset by peer) while reading response header from upstream, client: 172.30.0.1, server: , request: "GET /sql_test.php HTTP/1.1", upstream: "fastcgi://172.30.0.2:9000", host: "localhost:8080"
2023/08/02 10:24:43 [notice] 1#1: signal 3 (SIGQUIT) received, shutting down
2023/08/02 10:24:43 [notice] 30#30: gracefully shutting down
2023/08/02 10:24:43 [notice] 29#29: gracefully shutting down
2023/08/02 10:24:43 [notice] 30#30: exiting
2023/08/02 10:24:43 [notice] 29#29: exiting
2023/08/02 10:24:43 [notice] 32#32: gracefully shutting down
2023/08/02 10:24:43 [notice] 30#30: exit
2023/08/02 10:24:43 [notice] 32#32: exiting
2023/08/02 10:24:43 [notice] 29#29: exit
2023/08/02 10:24:43 [notice] 32#32: exit
2023/08/02 10:24:43 [notice] 33#33: gracefully shutting down
2023/08/02 10:24:43 [notice] 33#33: exiting
2023/08/02 10:24:43 [notice] 33#33: exit
2023/08/02 10:24:43 [notice] 34#34: gracefully shutting down
2023/08/02 10:24:43 [notice] 34#34: exiting
2023/08/02 10:24:43 [notice] 34#34: exit
2023/08/02 10:24:43 [notice] 35#35: gracefully shutting down
2023/08/02 10:24:43 [notice] 35#35: exiting
2023/08/02 10:24:43 [notice] 31#31: gracefully shutting down
2023/08/02 10:24:43 [notice] 31#31: exiting
2023/08/02 10:24:43 [notice] 35#35: exit
2023/08/02 10:24:43 [notice] 31#31: exit
2023/08/02 10:24:43 [notice] 36#36: gracefully shutting down
2023/08/02 10:24:43 [notice] 36#36: exiting
2023/08/02 10:24:43 [notice] 36#36: exit
2023/08/02 10:24:43 [notice] 1#1: signal 17 (SIGCHLD) received from 29
2023/08/02 10:24:43 [notice] 1#1: worker process 29 exited with code 0
2023/08/02 10:24:43 [notice] 1#1: signal 29 (SIGIO) received
2023/08/02 10:24:43 [notice] 1#1: signal 17 (SIGCHLD) received from 35
2023/08/02 10:24:43 [notice] 1#1: worker process 35 exited with code 0
2023/08/02 10:24:43 [notice] 1#1: signal 29 (SIGIO) received
2023/08/02 10:24:43 [notice] 1#1: signal 17 (SIGCHLD) received from 33
2023/08/02 10:24:43 [notice] 1#1: worker process 32 exited with code 0
2023/08/02 10:24:43 [notice] 1#1: worker process 33 exited with code 0
2023/08/02 10:24:43 [notice] 1#1: signal 29 (SIGIO) received
2023/08/02 10:24:43 [notice] 1#1: signal 17 (SIGCHLD) received from 31
2023/08/02 10:24:43 [notice] 1#1: worker process 31 exited with code 0
2023/08/02 10:24:43 [notice] 1#1: signal 29 (SIGIO) received
2023/08/02 10:24:43 [notice] 1#1: signal 17 (SIGCHLD) received from 34
2023/08/02 10:24:43 [notice] 1#1: worker process 30 exited with code 0
2023/08/02 10:24:43 [notice] 1#1: worker process 34 exited with code 0
2023/08/02 10:24:43 [notice] 1#1: worker process 36 exited with code 0
2023/08/02 10:24:43 [notice] 1#1: exit
2023/08/02 10:24:54 [notice] 1#1: using the "epoll" event method
2023/08/02 10:24:54 [notice] 1#1: nginx/1.25.1
2023/08/02 10:24:54 [notice] 1#1: built by gcc 12.2.1 20220924 (Alpine 12.2.1_git20220924-r4) 
2023/08/02 10:24:54 [notice] 1#1: OS: Linux 6.1.31-gentoo-dist
2023/08/02 10:24:54 [notice] 1#1: getrlimit(RLIMIT_NOFILE): 1048576:1048576
2023/08/02 10:24:54 [notice] 1#1: start worker processes
2023/08/02 10:24:54 [notice] 1#1: start worker process 29
2023/08/02 10:24:54 [notice] 1#1: start worker process 30
2023/08/02 10:24:54 [notice] 1#1: start worker process 31
2023/08/02 10:24:54 [notice] 1#1: start worker process 32
2023/08/02 10:24:54 [notice] 1#1: start worker process 33
2023/08/02 10:24:54 [notice] 1#1: start worker process 34
2023/08/02 10:24:54 [notice] 1#1: start worker process 35
2023/08/02 10:24:54 [notice] 1#1: start worker process 36
2023/08/02 10:28:43 [notice] 1#1: signal 3 (SIGQUIT) received, shutting down
2023/08/02 10:28:43 [notice] 30#30: gracefully shutting down
2023/08/02 10:28:43 [notice] 30#30: exiting
2023/08/02 10:28:43 [notice] 36#36: gracefully shutting down
2023/08/02 10:28:43 [notice] 35#35: gracefully shutting down
2023/08/02 10:28:43 [notice] 36#36: exiting
2023/08/02 10:28:43 [notice] 29#29: gracefully shutting down
2023/08/02 10:28:43 [notice] 35#35: exiting
2023/08/02 10:28:43 [notice] 29#29: exiting
2023/08/02 10:28:43 [notice] 30#30: exit
2023/08/02 10:28:43 [notice] 36#36: exit
2023/08/02 10:28:43 [notice] 35#35: exit
2023/08/02 10:28:43 [notice] 29#29: exit
2023/08/02 10:28:43 [notice] 34#34: gracefully shutting down
2023/08/02 10:28:43 [notice] 34#34: exiting
2023/08/02 10:28:43 [notice] 34#34: exit
2023/08/02 10:28:43 [notice] 31#31: gracefully shutting down
2023/08/02 10:28:43 [notice] 31#31: exiting
2023/08/02 10:28:43 [notice] 32#32: gracefully shutting down
2023/08/02 10:28:43 [notice] 32#32: exiting
2023/08/02 10:28:43 [notice] 31#31: exit
2023/08/02 10:28:43 [notice] 32#32: exit
2023/08/02 10:28:43 [notice] 33#33: gracefully shutting down
2023/08/02 10:28:43 [notice] 33#33: exiting
2023/08/02 10:28:43 [notice] 33#33: exit
2023/08/02 10:28:43 [notice] 1#1: signal 17 (SIGCHLD) received from 29
2023/08/02 10:28:43 [notice] 1#1: worker process 29 exited with code 0
2023/08/02 10:28:43 [notice] 1#1: signal 29 (SIGIO) received
2023/08/02 10:28:43 [notice] 1#1: signal 17 (SIGCHLD) received from 34
2023/08/02 10:28:43 [notice] 1#1: worker process 31 exited with code 0
2023/08/02 10:28:43 [notice] 1#1: worker process 33 exited with code 0
2023/08/02 10:28:43 [notice] 1#1: worker process 34 exited with code 0
2023/08/02 10:28:43 [notice] 1#1: signal 29 (SIGIO) received
2023/08/02 10:28:43 [notice] 1#1: signal 17 (SIGCHLD) received from 33
2023/08/02 10:28:43 [notice] 1#1: worker process 32 exited with code 0
2023/08/02 10:28:43 [notice] 1#1: signal 29 (SIGIO) received
2023/08/02 10:28:43 [notice] 1#1: signal 17 (SIGCHLD) received from 32
2023/08/02 10:28:43 [notice] 1#1: signal 17 (SIGCHLD) received from 30
2023/08/02 10:28:43 [notice] 1#1: worker process 30 exited with code 0
2023/08/02 10:28:43 [notice] 1#1: signal 29 (SIGIO) received
2023/08/02 10:28:43 [notice] 1#1: signal 17 (SIGCHLD) received from 36
2023/08/02 10:28:43 [notice] 1#1: worker process 36 exited with code 0
2023/08/02 10:28:43 [notice] 1#1: signal 29 (SIGIO) received
2023/08/02 10:28:43 [notice] 1#1: signal 17 (SIGCHLD) received from 35
2023/08/02 10:28:43 [notice] 1#1: worker process 35 exited with code 0
2023/08/02 10:28:43 [notice] 1#1: exit
2023/08/02 10:28:50 [emerg] 1#1: host not found in upstream "php" in /etc/nginx/conf.d/default.conf:9
2023/08/02 10:29:36 [notice] 1#1: using the "epoll" event method
2023/08/02 10:29:36 [notice] 1#1: nginx/1.25.1
2023/08/02 10:29:36 [notice] 1#1: built by gcc 12.2.1 20220924 (Alpine 12.2.1_git20220924-r4) 
2023/08/02 10:29:36 [notice] 1#1: OS: Linux 6.1.31-gentoo-dist
2023/08/02 10:29:36 [notice] 1#1: getrlimit(RLIMIT_NOFILE): 1048576:1048576
2023/08/02 10:29:36 [notice] 1#1: start worker processes
2023/08/02 10:29:36 [notice] 1#1: start worker process 29
2023/08/02 10:29:36 [notice] 1#1: start worker process 30
2023/08/02 10:29:36 [notice] 1#1: start worker process 31
2023/08/02 10:29:36 [notice] 1#1: start worker process 32
2023/08/02 10:29:36 [notice] 1#1: start worker process 33
2023/08/02 10:29:36 [notice] 1#1: start worker process 34
2023/08/02 10:29:36 [notice] 1#1: start worker process 35
2023/08/02 10:29:36 [notice] 1#1: start worker process 36
2023/08/02 10:31:45 [error] 29#29: *1 upstream timed out (110: Operation timed out) while reading response header from upstream, client: 192.168.48.1, server: , request: "GET /sql_test.php HTTP/1.1", upstream: "fastcgi://192.168.48.3:9000", host: "localhost:8080"
2023/08/02 10:33:23 [notice] 1#1: signal 3 (SIGQUIT) received, shutting down
2023/08/02 10:33:23 [notice] 34#34: gracefully shutting down
2023/08/02 10:33:23 [notice] 35#35: gracefully shutting down
2023/08/02 10:33:23 [notice] 31#31: gracefully shutting down
2023/08/02 10:33:23 [notice] 34#34: exiting
2023/08/02 10:33:23 [notice] 35#35: exiting
2023/08/02 10:33:23 [notice] 31#31: exiting
2023/08/02 10:33:23 [notice] 33#33: gracefully shutting down
2023/08/02 10:33:23 [notice] 33#33: exiting
2023/08/02 10:33:23 [notice] 35#35: exit
2023/08/02 10:33:23 [notice] 31#31: exit
2023/08/02 10:33:23 [notice] 34#34: exit
2023/08/02 10:33:23 [notice] 33#33: exit
2023/08/02 10:33:23 [notice] 29#29: gracefully shutting down
2023/08/02 10:33:23 [notice] 29#29: exiting
2023/08/02 10:33:23 [notice] 29#29: exit
2023/08/02 10:33:23 [notice] 30#30: gracefully shutting down
2023/08/02 10:33:23 [notice] 30#30: exiting
2023/08/02 10:33:23 [notice] 30#30: exit
2023/08/02 10:33:23 [notice] 32#32: gracefully shutting down
2023/08/02 10:33:23 [notice] 32#32: exiting
2023/08/02 10:33:23 [notice] 32#32: exit
2023/08/02 10:33:23 [notice] 36#36: gracefully shutting down
2023/08/02 10:33:23 [notice] 36#36: exiting
2023/08/02 10:33:23 [notice] 36#36: exit
2023/08/02 10:33:23 [notice] 1#1: signal 17 (SIGCHLD) received from 33
2023/08/02 10:33:23 [notice] 1#1: worker process 32 exited with code 0
2023/08/02 10:33:23 [notice] 1#1: worker process 33 exited with code 0
2023/08/02 10:33:23 [notice] 1#1: signal 29 (SIGIO) received
2023/08/02 10:33:23 [notice] 1#1: signal 17 (SIGCHLD) received from 29
2023/08/02 10:33:23 [notice] 1#1: worker process 29 exited with code 0
2023/08/02 10:33:23 [notice] 1#1: worker process 31 exited with code 0
2023/08/02 10:33:23 [notice] 1#1: signal 29 (SIGIO) received
2023/08/02 10:33:23 [notice] 1#1: signal 17 (SIGCHLD) received from 36
2023/08/02 10:33:23 [notice] 1#1: worker process 36 exited with code 0
2023/08/02 10:33:23 [notice] 1#1: signal 29 (SIGIO) received
2023/08/02 10:33:23 [notice] 1#1: signal 17 (SIGCHLD) received from 35
2023/08/02 10:33:23 [notice] 1#1: worker process 35 exited with code 0
2023/08/02 10:33:23 [notice] 1#1: signal 29 (SIGIO) received
2023/08/02 10:33:23 [notice] 1#1: signal 17 (SIGCHLD) received from 34
2023/08/02 10:33:23 [notice] 1#1: worker process 34 exited with code 0
2023/08/02 10:33:23 [notice] 1#1: signal 29 (SIGIO) received
2023/08/02 10:33:23 [notice] 1#1: signal 17 (SIGCHLD) received from 30
2023/08/02 10:33:23 [notice] 1#1: worker process 30 exited with code 0
2023/08/02 10:33:23 [notice] 1#1: exit
2023/08/02 10:33:37 [emerg] 1#1: host not found in upstream "php" in /etc/nginx/conf.d/default.conf:9
2023/08/02 10:34:00 [notice] 1#1: using the "epoll" event method
2023/08/02 10:34:00 [notice] 1#1: nginx/1.25.1
2023/08/02 10:34:00 [notice] 1#1: built by gcc 12.2.1 20220924 (Alpine 12.2.1_git20220924-r4) 
2023/08/02 10:34:00 [notice] 1#1: OS: Linux 6.1.31-gentoo-dist
2023/08/02 10:34:00 [notice] 1#1: getrlimit(RLIMIT_NOFILE): 1048576:1048576
2023/08/02 10:34:00 [notice] 1#1: start worker processes
2023/08/02 10:34:00 [notice] 1#1: start worker process 29
2023/08/02 10:34:00 [notice] 1#1: start worker process 30
2023/08/02 10:34:00 [notice] 1#1: start worker process 31
2023/08/02 10:34:00 [notice] 1#1: start worker process 32
2023/08/02 10:34:00 [notice] 1#1: start worker process 33
2023/08/02 10:34:00 [notice] 1#1: start worker process 34
2023/08/02 10:34:00 [notice] 1#1: start worker process 35
2023/08/02 10:34:00 [notice] 1#1: start worker process 36
2023/08/02 10:34:55 [notice] 1#1: signal 3 (SIGQUIT) received, shutting down
2023/08/02 10:34:55 [notice] 29#29: gracefully shutting down
2023/08/02 10:34:55 [notice] 30#30: gracefully shutting down
2023/08/02 10:34:55 [notice] 31#31: gracefully shutting down
2023/08/02 10:34:55 [notice] 33#33: gracefully shutting down
2023/08/02 10:34:55 [notice] 29#29: exiting
2023/08/02 10:34:55 [notice] 31#31: exiting
2023/08/02 10:34:55 [notice] 33#33: exiting
2023/08/02 10:34:55 [notice] 30#30: exiting
2023/08/02 10:34:55 [notice] 29#29: exit
2023/08/02 10:34:55 [notice] 33#33: exit
2023/08/02 10:34:55 [notice] 31#31: exit
2023/08/02 10:34:55 [notice] 30#30: exit
2023/08/02 10:34:55 [notice] 32#32: gracefully shutting down
2023/08/02 10:34:55 [notice] 32#32: exiting
2023/08/02 10:34:55 [notice] 32#32: exit
2023/08/02 10:34:55 [notice] 35#35: gracefully shutting down
2023/08/02 10:34:55 [notice] 34#34: gracefully shutting down
2023/08/02 10:34:55 [notice] 36#36: gracefully shutting down
2023/08/02 10:34:55 [notice] 35#35: exiting
2023/08/02 10:34:55 [notice] 34#34: exiting
2023/08/02 10:34:55 [notice] 36#36: exiting
2023/08/02 10:34:55 [notice] 35#35: exit
2023/08/02 10:34:55 [notice] 34#34: exit
2023/08/02 10:34:55 [notice] 36#36: exit
2023/08/02 10:34:55 [notice] 1#1: signal 17 (SIGCHLD) received from 33
2023/08/02 10:34:55 [notice] 1#1: worker process 33 exited with code 0
2023/08/02 10:34:55 [notice] 1#1: signal 29 (SIGIO) received
2023/08/02 10:34:55 [notice] 1#1: signal 17 (SIGCHLD) received from 30
2023/08/02 10:34:55 [notice] 1#1: worker process 29 exited with code 0
2023/08/02 10:34:55 [notice] 1#1: worker process 30 exited with code 0
2023/08/02 10:34:55 [notice] 1#1: worker process 36 exited with code 0
2023/08/02 10:34:55 [notice] 1#1: signal 29 (SIGIO) received
2023/08/02 10:34:55 [notice] 1#1: signal 17 (SIGCHLD) received from 32
2023/08/02 10:34:55 [notice] 1#1: worker process 32 exited with code 0
2023/08/02 10:34:55 [notice] 1#1: signal 29 (SIGIO) received
2023/08/02 10:34:55 [notice] 1#1: signal 17 (SIGCHLD) received from 31
2023/08/02 10:34:55 [notice] 1#1: worker process 31 exited with code 0
2023/08/02 10:34:55 [notice] 1#1: worker process 34 exited with code 0
2023/08/02 10:34:55 [notice] 1#1: worker process 35 exited with code 0
2023/08/02 10:34:55 [notice] 1#1: exit
2023/08/02 10:34:56 [notice] 1#1: using the "epoll" event method
2023/08/02 10:34:56 [notice] 1#1: nginx/1.25.1
2023/08/02 10:34:56 [notice] 1#1: built by gcc 12.2.1 20220924 (Alpine 12.2.1_git20220924-r4) 
2023/08/02 10:34:56 [notice] 1#1: OS: Linux 6.1.31-gentoo-dist
2023/08/02 10:34:56 [notice] 1#1: getrlimit(RLIMIT_NOFILE): 1048576:1048576
2023/08/02 10:34:56 [notice] 1#1: start worker processes
2023/08/02 10:34:56 [notice] 1#1: start worker process 29
2023/08/02 10:34:56 [notice] 1#1: start worker process 30
2023/08/02 10:34:56 [notice] 1#1: start worker process 31
2023/08/02 10:34:56 [notice] 1#1: start worker process 32
2023/08/02 10:34:56 [notice] 1#1: start worker process 33
2023/08/02 10:34:56 [notice] 1#1: start worker process 34
2023/08/02 10:34:56 [notice] 1#1: start worker process 35
2023/08/02 10:34:56 [notice] 1#1: start worker process 36
2023/08/02 10:35:00 [notice] 1#1: signal 3 (SIGQUIT) received, shutting down
2023/08/02 10:35:00 [notice] 29#29: gracefully shutting down
2023/08/02 10:35:00 [notice] 29#29: exiting
2023/08/02 10:35:00 [notice] 29#29: exit
2023/08/02 10:35:00 [notice] 30#30: gracefully shutting down
2023/08/02 10:35:00 [notice] 30#30: exiting
2023/08/02 10:35:00 [notice] 30#30: exit
2023/08/02 10:35:00 [notice] 32#32: gracefully shutting down
2023/08/02 10:35:00 [notice] 34#34: gracefully shutting down
2023/08/02 10:35:00 [notice] 35#35: gracefully shutting down
2023/08/02 10:35:00 [notice] 32#32: exiting
2023/08/02 10:35:00 [notice] 34#34: exiting
2023/08/02 10:35:00 [notice] 35#35: exiting
2023/08/02 10:35:00 [notice] 32#32: exit
2023/08/02 10:35:00 [notice] 34#34: exit
2023/08/02 10:35:00 [notice] 35#35: exit
2023/08/02 10:35:00 [notice] 36#36: gracefully shutting down
2023/08/02 10:35:00 [notice] 36#36: exiting
2023/08/02 10:35:00 [notice] 36#36: exit
2023/08/02 10:35:00 [notice] 31#31: gracefully shutting down
2023/08/02 10:35:00 [notice] 31#31: exiting
2023/08/02 10:35:00 [notice] 31#31: exit
2023/08/02 10:35:00 [notice] 33#33: gracefully shutting down
2023/08/02 10:35:00 [notice] 33#33: exiting
2023/08/02 10:35:00 [notice] 33#33: exit
2023/08/02 10:35:00 [notice] 1#1: signal 17 (SIGCHLD) received from 36
2023/08/02 10:35:00 [notice] 1#1: worker process 33 exited with code 0
2023/08/02 10:35:00 [notice] 1#1: worker process 36 exited with code 0
2023/08/02 10:35:00 [notice] 1#1: signal 29 (SIGIO) received
2023/08/02 10:35:00 [notice] 1#1: signal 17 (SIGCHLD) received from 30
2023/08/02 10:35:00 [notice] 1#1: worker process 30 exited with code 0
2023/08/02 10:35:00 [notice] 1#1: signal 29 (SIGIO) received
2023/08/02 10:35:00 [notice] 1#1: signal 17 (SIGCHLD) received from 34
2023/08/02 10:35:00 [notice] 1#1: worker process 34 exited with code 0
2023/08/02 10:35:00 [notice] 1#1: signal 29 (SIGIO) received
2023/08/02 10:35:00 [notice] 1#1: signal 17 (SIGCHLD) received from 32
2023/08/02 10:35:00 [notice] 1#1: worker process 32 exited with code 0
2023/08/02 10:35:00 [notice] 1#1: signal 29 (SIGIO) received
2023/08/02 10:35:00 [notice] 1#1: signal 17 (SIGCHLD) received from 29
2023/08/02 10:35:00 [notice] 1#1: worker process 29 exited with code 0
2023/08/02 10:35:00 [notice] 1#1: worker process 35 exited with code 0
2023/08/02 10:35:00 [notice] 1#1: signal 29 (SIGIO) received
2023/08/02 10:35:00 [notice] 1#1: signal 17 (SIGCHLD) received from 35
2023/08/02 10:35:00 [notice] 1#1: signal 17 (SIGCHLD) received from 31
2023/08/02 10:35:00 [notice] 1#1: worker process 31 exited with code 0
2023/08/02 10:35:00 [notice] 1#1: exit
2023/08/02 10:35:08 [emerg] 1#1: host not found in upstream "php" in /etc/nginx/conf.d/default.conf:9
2023/08/02 10:35:23 [emerg] 1#1: host not found in upstream "php" in /etc/nginx/conf.d/default.conf:9
2023/08/02 10:35:48 [notice] 1#1: using the "epoll" event method
2023/08/02 10:35:48 [notice] 1#1: nginx/1.25.1
2023/08/02 10:35:48 [notice] 1#1: built by gcc 12.2.1 20220924 (Alpine 12.2.1_git20220924-r4) 
2023/08/02 10:35:48 [notice] 1#1: OS: Linux 6.1.31-gentoo-dist
2023/08/02 10:35:48 [notice] 1#1: getrlimit(RLIMIT_NOFILE): 1048576:1048576
2023/08/02 10:35:48 [notice] 1#1: start worker processes
2023/08/02 10:35:48 [notice] 1#1: start worker process 28
2023/08/02 10:35:48 [notice] 1#1: start worker process 29
2023/08/02 10:35:48 [notice] 1#1: start worker process 30
2023/08/02 10:35:48 [notice] 1#1: start worker process 31
2023/08/02 10:35:48 [notice] 1#1: start worker process 32
2023/08/02 10:35:48 [notice] 1#1: start worker process 33
2023/08/02 10:35:48 [notice] 1#1: start worker process 34
2023/08/02 10:35:48 [notice] 1#1: start worker process 35
2023/08/02 10:41:46 [error] 29#29: *16 upstream timed out (110: Operation timed out) while reading response header from upstream, client: 192.168.176.1, server: , request: "GET /sql_test.php HTTP/1.1", upstream: "fastcgi://192.168.176.3:9000", host: "localhost:8080"
2023/08/02 10:41:57 [notice] 1#1: signal 3 (SIGQUIT) received, shutting down
2023/08/02 10:41:57 [notice] 29#29: gracefully shutting down
2023/08/02 10:41:57 [notice] 31#31: gracefully shutting down
2023/08/02 10:41:57 [notice] 35#35: gracefully shutting down
2023/08/02 10:41:57 [notice] 31#31: exiting
2023/08/02 10:41:57 [notice] 35#35: exiting
2023/08/02 10:41:57 [notice] 29#29: exiting
2023/08/02 10:41:57 [notice] 35#35: exit
2023/08/02 10:41:57 [notice] 31#31: exit
2023/08/02 10:41:57 [notice] 29#29: exit
2023/08/02 10:41:57 [notice] 32#32: gracefully shutting down
2023/08/02 10:41:57 [notice] 30#30: gracefully shutting down
2023/08/02 10:41:57 [notice] 32#32: exiting
2023/08/02 10:41:57 [notice] 30#30: exiting
2023/08/02 10:41:57 [notice] 32#32: exit
2023/08/02 10:41:57 [notice] 30#30: exit
2023/08/02 10:41:57 [notice] 33#33: gracefully shutting down
2023/08/02 10:41:57 [notice] 33#33: exiting
2023/08/02 10:41:57 [notice] 33#33: exit
2023/08/02 10:41:57 [notice] 34#34: gracefully shutting down
2023/08/02 10:41:57 [notice] 34#34: exiting
2023/08/02 10:41:57 [notice] 34#34: exit
2023/08/02 10:41:57 [notice] 28#28: gracefully shutting down
2023/08/02 10:41:57 [notice] 28#28: exiting
2023/08/02 10:41:57 [notice] 28#28: exit
2023/08/02 10:41:57 [notice] 1#1: signal 17 (SIGCHLD) received from 35
2023/08/02 10:41:57 [notice] 1#1: worker process 28 exited with code 0
2023/08/02 10:41:57 [notice] 1#1: worker process 35 exited with code 0
2023/08/02 10:41:57 [notice] 1#1: signal 29 (SIGIO) received
2023/08/02 10:41:57 [notice] 1#1: signal 17 (SIGCHLD) received from 33
2023/08/02 10:41:57 [notice] 1#1: worker process 33 exited with code 0
2023/08/02 10:41:57 [notice] 1#1: signal 29 (SIGIO) received
2023/08/02 10:41:57 [notice] 1#1: signal 17 (SIGCHLD) received from 31
2023/08/02 10:41:57 [notice] 1#1: worker process 30 exited with code 0
2023/08/02 10:41:57 [notice] 1#1: worker process 31 exited with code 0
2023/08/02 10:41:57 [notice] 1#1: signal 29 (SIGIO) received
2023/08/02 10:41:57 [notice] 1#1: signal 17 (SIGCHLD) received from 30
2023/08/02 10:41:57 [notice] 1#1: signal 17 (SIGCHLD) received from 32
2023/08/02 10:41:57 [notice] 1#1: worker process 32 exited with code 0
2023/08/02 10:41:57 [notice] 1#1: signal 29 (SIGIO) received
2023/08/02 10:41:57 [notice] 1#1: signal 17 (SIGCHLD) received from 34
2023/08/02 10:41:57 [notice] 1#1: worker process 34 exited with code 0
2023/08/02 10:41:57 [notice] 1#1: worker process 29 exited with code 0
2023/08/02 10:41:57 [notice] 1#1: exit
2023/08/02 10:42:04 [emerg] 1#1: host not found in upstream "php" in /etc/nginx/conf.d/default.conf:9
2023/08/02 10:42:17 [emerg] 1#1: host not found in upstream "php" in /etc/nginx/conf.d/default.conf:9
2023/08/02 10:42:25 [emerg] 1#1: host not found in upstream "php" in /etc/nginx/conf.d/default.conf:9
2023/08/02 10:42:55 [notice] 1#1: using the "epoll" event method
2023/08/02 10:42:55 [notice] 1#1: nginx/1.25.1
2023/08/02 10:42:55 [notice] 1#1: built by gcc 12.2.1 20220924 (Alpine 12.2.1_git20220924-r4) 
2023/08/02 10:42:55 [notice] 1#1: OS: Linux 6.1.31-gentoo-dist
2023/08/02 10:42:55 [notice] 1#1: getrlimit(RLIMIT_NOFILE): 1048576:1048576
2023/08/02 10:42:55 [notice] 1#1: start worker processes
2023/08/02 10:42:55 [notice] 1#1: start worker process 29
2023/08/02 10:42:55 [notice] 1#1: start worker process 30
2023/08/02 10:42:55 [notice] 1#1: start worker process 31
2023/08/02 10:42:55 [notice] 1#1: start worker process 32
2023/08/02 10:42:55 [notice] 1#1: start worker process 33
2023/08/02 10:42:55 [notice] 1#1: start worker process 34
2023/08/02 10:42:55 [notice] 1#1: start worker process 35
2023/08/02 10:42:55 [notice] 1#1: start worker process 36
2023/08/02 10:45:25 [notice] 1#1: signal 3 (SIGQUIT) received, shutting down
2023/08/02 10:45:25 [notice] 30#30: gracefully shutting down
2023/08/02 10:45:25 [notice] 30#30: exiting
2023/08/02 10:45:25 [notice] 29#29: gracefully shutting down
2023/08/02 10:45:25 [notice] 29#29: exiting
2023/08/02 10:45:25 [notice] 30#30: exit
2023/08/02 10:45:25 [notice] 29#29: exit
2023/08/02 10:45:25 [notice] 34#34: gracefully shutting down
2023/08/02 10:45:25 [notice] 34#34: exiting
2023/08/02 10:45:25 [notice] 34#34: exit
2023/08/02 10:45:25 [notice] 36#36: gracefully shutting down
2023/08/02 10:45:25 [notice] 31#31: gracefully shutting down
2023/08/02 10:45:25 [notice] 36#36: exiting
2023/08/02 10:45:25 [notice] 31#31: exiting
2023/08/02 10:45:25 [notice] 36#36: exit
2023/08/02 10:45:25 [notice] 31#31: exit
2023/08/02 10:45:25 [notice] 32#32: gracefully shutting down
2023/08/02 10:45:25 [notice] 32#32: exiting
2023/08/02 10:45:25 [notice] 32#32: exit
2023/08/02 10:45:25 [notice] 35#35: gracefully shutting down
2023/08/02 10:45:25 [notice] 35#35: exiting
2023/08/02 10:45:25 [notice] 35#35: exit
2023/08/02 10:45:25 [notice] 33#33: gracefully shutting down
2023/08/02 10:45:25 [notice] 33#33: exiting
2023/08/02 10:45:25 [notice] 33#33: exit
2023/08/02 10:45:25 [notice] 1#1: signal 17 (SIGCHLD) received from 36
2023/08/02 10:45:25 [notice] 1#1: worker process 36 exited with code 0
2023/08/02 10:45:25 [notice] 1#1: signal 29 (SIGIO) received
2023/08/02 10:45:25 [notice] 1#1: signal 17 (SIGCHLD) received from 29
2023/08/02 10:45:25 [notice] 1#1: worker process 29 exited with code 0
2023/08/02 10:45:25 [notice] 1#1: signal 29 (SIGIO) received
2023/08/02 10:45:25 [notice] 1#1: signal 17 (SIGCHLD) received from 30
2023/08/02 10:45:25 [notice] 1#1: worker process 30 exited with code 0
2023/08/02 10:45:25 [notice] 1#1: worker process 32 exited with code 0
2023/08/02 10:45:25 [notice] 1#1: worker process 33 exited with code 0
2023/08/02 10:45:25 [notice] 1#1: worker process 34 exited with code 0
2023/08/02 10:45:25 [notice] 1#1: worker process 35 exited with code 0
2023/08/02 10:45:25 [notice] 1#1: signal 29 (SIGIO) received
2023/08/02 10:45:25 [notice] 1#1: signal 17 (SIGCHLD) received from 34
2023/08/02 10:45:25 [notice] 1#1: signal 17 (SIGCHLD) received from 31
2023/08/02 10:45:25 [notice] 1#1: worker process 31 exited with code 0
2023/08/02 10:45:25 [notice] 1#1: exit
2023/08/02 10:45:42 [emerg] 1#1: host not found in upstream "php" in /etc/nginx/conf.d/default.conf:9
2023/08/02 10:45:52 [notice] 1#1: using the "epoll" event method
2023/08/02 10:45:52 [notice] 1#1: nginx/1.25.1
2023/08/02 10:45:52 [notice] 1#1: built by gcc 12.2.1 20220924 (Alpine 12.2.1_git20220924-r4) 
2023/08/02 10:45:52 [notice] 1#1: OS: Linux 6.1.31-gentoo-dist
2023/08/02 10:45:52 [notice] 1#1: getrlimit(RLIMIT_NOFILE): 1048576:1048576
2023/08/02 10:45:52 [notice] 1#1: start worker processes
2023/08/02 10:45:52 [notice] 1#1: start worker process 29
2023/08/02 10:45:52 [notice] 1#1: start worker process 30
2023/08/02 10:45:52 [notice] 1#1: start worker process 31
2023/08/02 10:45:52 [notice] 1#1: start worker process 32
2023/08/02 10:45:52 [notice] 1#1: start worker process 33
2023/08/02 10:45:52 [notice] 1#1: start worker process 34
2023/08/02 10:45:52 [notice] 1#1: start worker process 35
2023/08/02 10:45:52 [notice] 1#1: start worker process 36
2023/08/02 10:48:00 [error] 31#31: *6 upstream timed out (110: Operation timed out) while reading response header from upstream, client: 172.19.0.1, server: , request: "GET /github.php HTTP/1.1", upstream: "fastcgi://172.19.0.5:9000", host: "localhost:8080", referrer: "http://localhost:8080/"
2023/08/02 12:29:33 [notice] 1#1: signal 3 (SIGQUIT) received, shutting down
2023/08/02 12:29:33 [notice] 31#31: gracefully shutting down
2023/08/02 12:29:33 [notice] 29#29: gracefully shutting down
2023/08/02 12:29:33 [notice] 33#33: gracefully shutting down
2023/08/02 12:29:33 [notice] 31#31: exiting
2023/08/02 12:29:33 [notice] 29#29: exiting
2023/08/02 12:29:33 [notice] 33#33: exiting
2023/08/02 12:29:33 [notice] 30#30: gracefully shutting down
2023/08/02 12:29:33 [notice] 29#29: exit
2023/08/02 12:29:33 [notice] 33#33: exit
2023/08/02 12:29:33 [notice] 31#31: exit
2023/08/02 12:29:33 [notice] 30#30: exiting
2023/08/02 12:29:33 [notice] 30#30: exit
2023/08/02 12:29:33 [notice] 34#34: gracefully shutting down
2023/08/02 12:29:33 [notice] 32#32: gracefully shutting down
2023/08/02 12:29:33 [notice] 34#34: exiting
2023/08/02 12:29:33 [notice] 32#32: exiting
2023/08/02 12:29:33 [notice] 35#35: gracefully shutting down
2023/08/02 12:29:33 [notice] 35#35: exiting
2023/08/02 12:29:33 [notice] 36#36: gracefully shutting down
2023/08/02 12:29:33 [notice] 32#32: exit
2023/08/02 12:29:33 [notice] 34#34: exit
2023/08/02 12:29:33 [notice] 36#36: exiting
2023/08/02 12:29:33 [notice] 35#35: exit
2023/08/02 12:29:33 [notice] 36#36: exit
2023/08/02 12:29:33 [notice] 1#1: signal 17 (SIGCHLD) received from 35
2023/08/02 12:29:33 [notice] 1#1: worker process 31 exited with code 0
2023/08/02 12:29:33 [notice] 1#1: worker process 35 exited with code 0
2023/08/02 12:29:33 [notice] 1#1: signal 29 (SIGIO) received
2023/08/02 12:29:33 [notice] 1#1: signal 17 (SIGCHLD) received from 33
2023/08/02 12:29:33 [notice] 1#1: worker process 33 exited with code 0
2023/08/02 12:29:33 [notice] 1#1: signal 29 (SIGIO) received
2023/08/02 12:29:33 [notice] 1#1: signal 17 (SIGCHLD) received from 34
2023/08/02 12:29:33 [notice] 1#1: worker process 34 exited with code 0
2023/08/02 12:29:33 [notice] 1#1: signal 29 (SIGIO) received
2023/08/02 12:29:33 [notice] 1#1: signal 17 (SIGCHLD) received from 29
2023/08/02 12:29:33 [notice] 1#1: worker process 29 exited with code 0
2023/08/02 12:29:33 [notice] 1#1: worker process 30 exited with code 0
2023/08/02 12:29:33 [notice] 1#1: worker process 32 exited with code 0
2023/08/02 12:29:33 [notice] 1#1: signal 29 (SIGIO) received
2023/08/02 12:29:33 [notice] 1#1: signal 17 (SIGCHLD) received from 36
2023/08/02 12:29:33 [notice] 1#1: worker process 36 exited with code 0
2023/08/02 12:29:33 [notice] 1#1: exit
2023/08/02 12:29:43 [notice] 1#1: using the "epoll" event method
2023/08/02 12:29:43 [notice] 1#1: nginx/1.25.1
2023/08/02 12:29:43 [notice] 1#1: built by gcc 12.2.1 20220924 (Alpine 12.2.1_git20220924-r4) 
2023/08/02 12:29:43 [notice] 1#1: OS: Linux 6.1.31-gentoo-dist
2023/08/02 12:29:43 [notice] 1#1: getrlimit(RLIMIT_NOFILE): 1048576:1048576
2023/08/02 12:29:43 [notice] 1#1: start worker processes
2023/08/02 12:29:43 [notice] 1#1: start worker process 28
2023/08/02 12:29:43 [notice] 1#1: start worker process 29
2023/08/02 12:29:43 [notice] 1#1: start worker process 30
2023/08/02 12:29:43 [notice] 1#1: start worker process 31
2023/08/02 12:29:43 [notice] 1#1: start worker process 32
2023/08/02 12:29:43 [notice] 1#1: start worker process 33
2023/08/02 12:29:43 [notice] 1#1: start worker process 34
2023/08/02 12:29:43 [notice] 1#1: start worker process 35
2023/08/02 12:50:25 [notice] 1#1: signal 3 (SIGQUIT) received, shutting down
2023/08/02 12:50:25 [notice] 33#33: gracefully shutting down
2023/08/02 12:50:25 [notice] 33#33: exiting
2023/08/02 12:50:25 [notice] 33#33: exit
2023/08/02 12:50:25 [notice] 35#35: gracefully shutting down
2023/08/02 12:50:25 [notice] 35#35: exiting
2023/08/02 12:50:25 [notice] 35#35: exit
2023/08/02 12:50:25 [notice] 28#28: gracefully shutting down
2023/08/02 12:50:25 [notice] 30#30: gracefully shutting down
2023/08/02 12:50:25 [notice] 28#28: exiting
2023/08/02 12:50:25 [notice] 30#30: exiting
2023/08/02 12:50:25 [notice] 34#34: gracefully shutting down
2023/08/02 12:50:25 [notice] 34#34: exiting
2023/08/02 12:50:25 [notice] 30#30: exit
2023/08/02 12:50:25 [notice] 28#28: exit
2023/08/02 12:50:25 [notice] 34#34: exit
2023/08/02 12:50:25 [notice] 31#31: gracefully shutting down
2023/08/02 12:50:25 [notice] 31#31: exiting
2023/08/02 12:50:25 [notice] 31#31: exit
2023/08/02 12:50:25 [notice] 32#32: gracefully shutting down
2023/08/02 12:50:25 [notice] 32#32: exiting
2023/08/02 12:50:25 [notice] 32#32: exit
2023/08/02 12:50:25 [notice] 29#29: gracefully shutting down
2023/08/02 12:50:25 [notice] 29#29: exiting
2023/08/02 12:50:25 [notice] 29#29: exit
2023/08/02 12:50:25 [notice] 1#1: signal 17 (SIGCHLD) received from 28
2023/08/02 12:50:25 [notice] 1#1: worker process 28 exited with code 0
2023/08/02 12:50:25 [notice] 1#1: worker process 30 exited with code 0
2023/08/02 12:50:25 [notice] 1#1: worker process 31 exited with code 0
2023/08/02 12:50:25 [notice] 1#1: signal 29 (SIGIO) received
2023/08/02 12:50:25 [notice] 1#1: signal 17 (SIGCHLD) received from 31
2023/08/02 12:50:25 [notice] 1#1: signal 17 (SIGCHLD) received from 34
2023/08/02 12:50:25 [notice] 1#1: worker process 32 exited with code 0
2023/08/02 12:50:25 [notice] 1#1: worker process 29 exited with code 0
2023/08/02 12:50:25 [notice] 1#1: worker process 33 exited with code 0
2023/08/02 12:50:25 [notice] 1#1: worker process 34 exited with code 0
2023/08/02 12:50:25 [notice] 1#1: signal 29 (SIGIO) received
2023/08/02 12:50:25 [notice] 1#1: signal 17 (SIGCHLD) received from 33
2023/08/02 12:50:25 [notice] 1#1: signal 17 (SIGCHLD) received from 35
2023/08/02 12:50:25 [notice] 1#1: worker process 35 exited with code 0
2023/08/02 12:50:25 [notice] 1#1: exit
2023/08/02 12:54:33 [notice] 1#1: using the "epoll" event method
2023/08/02 12:54:33 [notice] 1#1: nginx/1.25.1
2023/08/02 12:54:33 [notice] 1#1: built by gcc 12.2.1 20220924 (Alpine 12.2.1_git20220924-r4) 
2023/08/02 12:54:33 [notice] 1#1: OS: Linux 6.1.31-gentoo-dist
2023/08/02 12:54:33 [notice] 1#1: getrlimit(RLIMIT_NOFILE): 1048576:1048576
2023/08/02 12:54:33 [notice] 1#1: start worker processes
2023/08/02 12:54:33 [notice] 1#1: start worker process 29
2023/08/02 12:54:33 [notice] 1#1: start worker process 30
2023/08/02 12:54:33 [notice] 1#1: start worker process 31
2023/08/02 12:54:33 [notice] 1#1: start worker process 32
2023/08/02 12:54:33 [notice] 1#1: start worker process 33
2023/08/02 12:54:33 [notice] 1#1: start worker process 34
2023/08/02 12:54:33 [notice] 1#1: start worker process 35
2023/08/02 12:54:33 [notice] 1#1: start worker process 36
2023/08/02 14:22:14 [error] 30#30: *87 open() "/var/www/html/favicon.ico" failed (2: No such file or directory), client: 172.20.0.1, server: , request: "GET /favicon.ico HTTP/1.1", host: "localhost:8080", referrer: "http://localhost:8080/"
2023/08/02 16:14:55 [warn] 30#30: *124 a client request body is buffered to a temporary file /var/cache/nginx/client_temp/0000000001, client: 172.20.0.1, server: , request: "POST /post.php HTTP/1.1", host: "localhost:8080", referrer: "http://localhost:8080/"
2023/08/02 16:15:31 [warn] 30#30: *124 a client request body is buffered to a temporary file /var/cache/nginx/client_temp/0000000002, client: 172.20.0.1, server: , request: "POST /post.php HTTP/1.1", host: "localhost:8080", referrer: "http://localhost:8080/"
2023/08/02 16:15:43 [warn] 30#30: *124 a client request body is buffered to a temporary file /var/cache/nginx/client_temp/0000000003, client: 172.20.0.1, server: , request: "POST /post.php HTTP/1.1", host: "localhost:8080", referrer: "http://localhost:8080/"
2023/08/02 16:15:51 [warn] 30#30: *124 a client request body is buffered to a temporary file /var/cache/nginx/client_temp/0000000004, client: 172.20.0.1, server: , request: "POST /post.php HTTP/1.1", host: "localhost:8080", referrer: "http://localhost:8080/"
2023/08/02 16:16:36 [warn] 30#30: *124 a client request body is buffered to a temporary file /var/cache/nginx/client_temp/0000000005, client: 172.20.0.1, server: , request: "POST /post.php HTTP/1.1", host: "localhost:8080", referrer: "http://localhost:8080/"
2023/08/02 16:18:21 [warn] 30#30: *137 a client request body is buffered to a temporary file /var/cache/nginx/client_temp/0000000006, client: 172.20.0.1, server: , request: "POST /post.php HTTP/1.1", host: "localhost:8080", referrer: "http://localhost:8080/"
2023/08/02 16:18:51 [notice] 1#1: signal 3 (SIGQUIT) received, shutting down
2023/08/02 16:18:51 [notice] 29#29: gracefully shutting down
2023/08/02 16:18:51 [notice] 29#29: exiting
2023/08/02 16:18:51 [notice] 31#31: gracefully shutting down
2023/08/02 16:18:51 [notice] 31#31: exiting
2023/08/02 16:18:51 [notice] 29#29: exit
2023/08/02 16:18:51 [notice] 31#31: exit
2023/08/02 16:18:51 [notice] 33#33: gracefully shutting down
2023/08/02 16:18:51 [notice] 33#33: exiting
2023/08/02 16:18:51 [notice] 30#30: gracefully shutting down
2023/08/02 16:18:51 [notice] 30#30: exiting
2023/08/02 16:18:51 [notice] 33#33: exit
2023/08/02 16:18:51 [notice] 30#30: exit
2023/08/02 16:18:51 [notice] 34#34: gracefully shutting down
2023/08/02 16:18:51 [notice] 34#34: exiting
2023/08/02 16:18:51 [notice] 34#34: exit
2023/08/02 16:18:51 [notice] 32#32: gracefully shutting down
2023/08/02 16:18:51 [notice] 32#32: exiting
2023/08/02 16:18:51 [notice] 32#32: exit
2023/08/02 16:18:51 [notice] 35#35: gracefully shutting down
2023/08/02 16:18:51 [notice] 35#35: exiting
2023/08/02 16:18:51 [notice] 36#36: gracefully shutting down
2023/08/02 16:18:51 [notice] 36#36: exiting
2023/08/02 16:18:51 [notice] 35#35: exit
2023/08/02 16:18:51 [notice] 36#36: exit
2023/08/02 16:18:51 [notice] 1#1: signal 17 (SIGCHLD) received from 31
2023/08/02 16:18:51 [notice] 1#1: worker process 31 exited with code 0
2023/08/02 16:18:51 [notice] 1#1: worker process 32 exited with code 0
2023/08/02 16:18:51 [notice] 1#1: worker process 33 exited with code 0
2023/08/02 16:18:51 [notice] 1#1: worker process 34 exited with code 0
2023/08/02 16:18:51 [notice] 1#1: signal 29 (SIGIO) received
2023/08/02 16:18:51 [notice] 1#1: signal 17 (SIGCHLD) received from 36
2023/08/02 16:18:51 [notice] 1#1: worker process 30 exited with code 0
2023/08/02 16:18:51 [notice] 1#1: worker process 35 exited with code 0
2023/08/02 16:18:51 [notice] 1#1: worker process 36 exited with code 0
2023/08/02 16:18:51 [notice] 1#1: signal 17 (SIGCHLD) received from 30
2023/08/02 16:18:51 [notice] 1#1: worker process 29 exited with code 0
2023/08/02 16:18:51 [notice] 1#1: exit
2023/08/02 16:18:52 [notice] 1#1: using the "epoll" event method
2023/08/02 16:18:52 [notice] 1#1: nginx/1.25.1
2023/08/02 16:18:52 [notice] 1#1: built by gcc 12.2.1 20220924 (Alpine 12.2.1_git20220924-r4) 
2023/08/02 16:18:52 [notice] 1#1: OS: Linux 6.1.31-gentoo-dist
2023/08/02 16:18:52 [notice] 1#1: getrlimit(RLIMIT_NOFILE): 1048576:1048576
2023/08/02 16:18:52 [notice] 1#1: start worker processes
2023/08/02 16:18:52 [notice] 1#1: start worker process 29
2023/08/02 16:18:52 [notice] 1#1: start worker process 30
2023/08/02 16:18:52 [notice] 1#1: start worker process 31
2023/08/02 16:18:52 [notice] 1#1: start worker process 32
2023/08/02 16:18:52 [notice] 1#1: start worker process 33
2023/08/02 16:18:52 [notice] 1#1: start worker process 34
2023/08/02 16:18:52 [notice] 1#1: start worker process 35
2023/08/02 16:18:52 [notice] 1#1: start worker process 36
2023/08/02 16:18:57 [warn] 29#29: *1 a client request body is buffered to a temporary file /var/cache/nginx/client_temp/0000000001, client: 172.20.0.1, server: , request: "POST /post.php HTTP/1.1", host: "localhost:8080", referrer: "http://localhost:8080/"
2023/08/02 16:19:17 [warn] 29#29: *1 a client request body is buffered to a temporary file /var/cache/nginx/client_temp/0000000002, client: 172.20.0.1, server: , request: "POST /post.php HTTP/1.1", host: "localhost:8080", referrer: "http://localhost:8080/"
2023/08/02 16:19:19 [warn] 29#29: *1 a client request body is buffered to a temporary file /var/cache/nginx/client_temp/0000000003, client: 172.20.0.1, server: , request: "POST /post.php HTTP/1.1", host: "localhost:8080", referrer: "http://localhost:8080/"
2023/08/02 16:19:21 [warn] 29#29: *1 a client request body is buffered to a temporary file /var/cache/nginx/client_temp/0000000004, client: 172.20.0.1, server: , request: "POST /post.php HTTP/1.1", host: "localhost:8080", referrer: "http://localhost:8080/"
2023/08/02 16:19:22 [warn] 29#29: *1 a client request body is buffered to a temporary file /var/cache/nginx/client_temp/0000000005, client: 172.20.0.1, server: , request: "POST /post.php HTTP/1.1", host: "localhost:8080", referrer: "http://localhost:8080/"
2023/08/02 16:19:23 [warn] 29#29: *1 a client request body is buffered to a temporary file /var/cache/nginx/client_temp/0000000006, client: 172.20.0.1, server: , request: "POST /post.php HTTP/1.1", host: "localhost:8080", referrer: "http://localhost:8080/"
2023/08/02 16:20:57 [warn] 30#30: *8 a client request body is buffered to a temporary file /var/cache/nginx/client_temp/0000000007, client: 172.20.0.1, server: , request: "POST /post.php HTTP/1.1", host: "localhost:8080", referrer: "http://localhost:8080/"
2023/08/02 16:21:35 [warn] 30#30: *8 a client request body is buffered to a temporary file /var/cache/nginx/client_temp/0000000008, client: 172.20.0.1, server: , request: "POST /post.php HTTP/1.1", host: "localhost:8080", referrer: "http://localhost:8080/"
2023/08/02 16:23:32 [warn] 32#32: *14 a client request body is buffered to a temporary file /var/cache/nginx/client_temp/0000000009, client: 172.20.0.1, server: , request: "POST /post.php HTTP/1.1", host: "localhost:8080", referrer: "http://localhost:8080/"
2023/08/02 16:23:54 [warn] 32#32: *14 a client request body is buffered to a temporary file /var/cache/nginx/client_temp/0000000010, client: 172.20.0.1, server: , request: "POST /post.php HTTP/1.1", host: "localhost:8080", referrer: "http://localhost:8080/"
2023/08/02 16:24:17 [warn] 32#32: *14 a client request body is buffered to a temporary file /var/cache/nginx/client_temp/0000000011, client: 172.20.0.1, server: , request: "POST /post.php HTTP/1.1", host: "localhost:8080", referrer: "http://localhost:8080/"
2023/08/02 16:25:39 [warn] 33#33: *25 a client request body is buffered to a temporary file /var/cache/nginx/client_temp/0000000012, client: 172.20.0.1, server: , request: "POST /post.php HTTP/1.1", host: "localhost:8080", referrer: "http://localhost:8080/"
2023/08/02 16:25:49 [warn] 33#33: *25 a client request body is buffered to a temporary file /var/cache/nginx/client_temp/0000000013, client: 172.20.0.1, server: , request: "POST /post.php HTTP/1.1", host: "localhost:8080", referrer: "http://localhost:8080/"
2023/08/02 16:26:43 [warn] 33#33: *25 a client request body is buffered to a temporary file /var/cache/nginx/client_temp/0000000014, client: 172.20.0.1, server: , request: "POST /post.php HTTP/1.1", host: "localhost:8080", referrer: "http://localhost:8080/"
2023/08/02 16:27:21 [warn] 33#33: *25 a client request body is buffered to a temporary file /var/cache/nginx/client_temp/0000000015, client: 172.20.0.1, server: , request: "POST /post.php HTTP/1.1", host: "localhost:8080", referrer: "http://localhost:8080/"
2023/08/02 16:27:57 [warn] 33#33: *25 a client request body is buffered to a temporary file /var/cache/nginx/client_temp/0000000016, client: 172.20.0.1, server: , request: "POST /post.php HTTP/1.1", host: "localhost:8080", referrer: "http://localhost:8080/"
2023/08/02 16:28:16 [warn] 33#33: *25 a client request body is buffered to a temporary file /var/cache/nginx/client_temp/0000000017, client: 172.20.0.1, server: , request: "POST /post.php HTTP/1.1", host: "localhost:8080", referrer: "http://localhost:8080/"
2023/08/02 16:29:26 [warn] 33#33: *25 a client request body is buffered to a temporary file /var/cache/nginx/client_temp/0000000018, client: 172.20.0.1, server: , request: "POST /post.php HTTP/1.1", host: "localhost:8080", referrer: "http://localhost:8080/"
2023/08/02 16:29:48 [warn] 33#33: *25 a client request body is buffered to a temporary file /var/cache/nginx/client_temp/0000000019, client: 172.20.0.1, server: , request: "POST /post.php HTTP/1.1", host: "localhost:8080", referrer: "http://localhost:8080/"
2023/08/02 16:30:51 [warn] 33#33: *25 a client request body is buffered to a temporary file /var/cache/nginx/client_temp/0000000020, client: 172.20.0.1, server: , request: "POST /post.php HTTP/1.1", host: "localhost:8080", referrer: "http://localhost:8080/"
2023/08/02 16:32:55 [warn] 33#33: *25 a client request body is buffered to a temporary file /var/cache/nginx/client_temp/0000000021, client: 172.20.0.1, server: , request: "POST /post.php HTTP/1.1", host: "localhost:8080", referrer: "http://localhost:8080/"
2023/08/02 16:33:16 [warn] 33#33: *25 a client request body is buffered to a temporary file /var/cache/nginx/client_temp/0000000022, client: 172.20.0.1, server: , request: "POST /post.php HTTP/1.1", host: "localhost:8080", referrer: "http://localhost:8080/"
2023/08/02 16:33:56 [warn] 33#33: *25 a client request body is buffered to a temporary file /var/cache/nginx/client_temp/0000000023, client: 172.20.0.1, server: , request: "POST /post.php HTTP/1.1", host: "localhost:8080", referrer: "http://localhost:8080/"
2023/08/02 16:39:03 [error] 34#34: *69 open() "/var/www/html/tuxdoom3.png" failed (2: No such file or directory), client: 172.20.0.1, server: , request: "GET /tuxdoom3.png HTTP/1.1", host: "localhost:8080", referrer: "http://localhost:8080/"
2023/08/02 16:39:03 [error] 35#35: *79 open() "/var/www/html/doomtux.png" failed (2: No such file or directory), client: 172.20.0.1, server: , request: "GET /doomtux.png HTTP/1.1", host: "localhost:8080", referrer: "http://localhost:8080/"
2023/08/02 16:39:03 [error] 35#35: *80 open() "/var/www/html/tuxdoom.png" failed (2: No such file or directory), client: 172.20.0.1, server: , request: "GET /tuxdoom.png HTTP/1.1", host: "localhost:8080", referrer: "http://localhost:8080/"
2023/08/02 16:39:03 [error] 35#35: *79 open() "/var/www/html/tuxdoom3.png" failed (2: No such file or directory), client: 172.20.0.1, server: , request: "GET /tuxdoom3.png HTTP/1.1", host: "localhost:8080", referrer: "http://localhost:8080/"
2023/08/02 16:39:03 [error] 35#35: *80 open() "/var/www/html/tuxdoom.png" failed (2: No such file or directory), client: 172.20.0.1, server: , request: "GET /tuxdoom.png HTTP/1.1", host: "localhost:8080", referrer: "http://localhost:8080/"
2023/08/02 16:39:03 [error] 36#36: *81 open() "/var/www/html/doomtux.png" failed (2: No such file or directory), client: 172.20.0.1, server: , request: "GET /doomtux.png HTTP/1.1", host: "localhost:8080", referrer: "http://localhost:8080/"
2023/08/02 16:39:15 [error] 35#35: *79 directory index of "/var/www/html/uploads/" is forbidden, client: 172.20.0.1, server: , request: "GET /uploads/ HTTP/1.1", host: "localhost:8080", referrer: "http://localhost:8080/"
2023/08/02 16:41:46 [error] 36#36: *81 directory index of "/var/www/html/uploads/" is forbidden, client: 172.20.0.1, server: , request: "GET /uploads/ HTTP/1.1", host: "localhost:8080", referrer: "http://localhost:8080/"
2023/08/02 16:41:47 [error] 36#36: *81 directory index of "/var/www/html/uploads/" is forbidden, client: 172.20.0.1, server: , request: "GET /uploads/ HTTP/1.1", host: "localhost:8080", referrer: "http://localhost:8080/"
2023/08/02 16:42:26 [error] 36#36: *81 directory index of "/var/www/html/uploads/" is forbidden, client: 172.20.0.1, server: , request: "GET /uploads/ HTTP/1.1", host: "localhost:8080", referrer: "http://localhost:8080/"
2023/08/02 16:42:27 [error] 36#36: *81 directory index of "/var/www/html/uploads/" is forbidden, client: 172.20.0.1, server: , request: "GET /uploads/ HTTP/1.1", host: "localhost:8080", referrer: "http://localhost:8080/"
2023/08/02 16:51:19 [error] 29#29: *109 open() "/var/www/html/favicon.ico" failed (2: No such file or directory), client: 172.20.0.1, server: , request: "GET /favicon.ico HTTP/1.1", host: "localhost:8080", referrer: "http://localhost:8080/uploads/tuxdoom3.png"
2023/08/02 19:35:31 [notice] 1#1: signal 3 (SIGQUIT) received, shutting down
2023/08/02 19:35:31 [notice] 29#29: gracefully shutting down
2023/08/02 19:35:31 [notice] 30#30: gracefully shutting down
2023/08/02 19:35:31 [notice] 33#33: gracefully shutting down
2023/08/02 19:35:31 [notice] 34#34: gracefully shutting down
2023/08/02 19:35:31 [notice] 32#32: gracefully shutting down
2023/08/02 19:35:31 [notice] 32#32: exiting
2023/08/02 19:35:31 [notice] 35#35: gracefully shutting down
2023/08/02 19:35:31 [notice] 30#30: exiting
2023/08/02 19:35:31 [notice] 33#33: exiting
2023/08/02 19:35:31 [notice] 29#29: exiting
2023/08/02 19:35:31 [notice] 31#31: gracefully shutting down
2023/08/02 19:35:31 [notice] 36#36: gracefully shutting down
2023/08/02 19:35:31 [notice] 31#31: exiting
2023/08/02 19:35:31 [notice] 35#35: exiting
2023/08/02 19:35:31 [notice] 32#32: exit
2023/08/02 19:35:31 [notice] 29#29: exit
2023/08/02 19:35:31 [notice] 33#33: exit
2023/08/02 19:35:31 [notice] 30#30: exit
2023/08/02 19:35:31 [notice] 34#34: exiting
2023/08/02 19:35:31 [notice] 36#36: exiting
2023/08/02 19:35:31 [notice] 35#35: exit
2023/08/02 19:35:31 [notice] 31#31: exit
2023/08/02 19:35:31 [notice] 34#34: exit
2023/08/02 19:35:31 [notice] 36#36: exit
2023/08/02 19:35:31 [notice] 1#1: signal 17 (SIGCHLD) received from 32
2023/08/02 19:35:31 [notice] 1#1: worker process 31 exited with code 0
2023/08/02 19:35:31 [notice] 1#1: worker process 32 exited with code 0
2023/08/02 19:35:31 [notice] 1#1: worker process 33 exited with code 0
2023/08/02 19:35:31 [notice] 1#1: worker process 35 exited with code 0
2023/08/02 19:35:31 [notice] 1#1: signal 29 (SIGIO) received
2023/08/02 19:35:31 [notice] 1#1: signal 17 (SIGCHLD) received from 29
2023/08/02 19:35:31 [notice] 1#1: worker process 29 exited with code 0
2023/08/02 19:35:31 [notice] 1#1: signal 29 (SIGIO) received
2023/08/02 19:35:31 [notice] 1#1: signal 17 (SIGCHLD) received from 30
2023/08/02 19:35:31 [notice] 1#1: worker process 30 exited with code 0
2023/08/02 19:35:31 [notice] 1#1: worker process 34 exited with code 0
2023/08/02 19:35:31 [notice] 1#1: worker process 36 exited with code 0
2023/08/02 19:35:31 [notice] 1#1: exit
2023/08/03 19:55:49 [emerg] 1#1: host not found in upstream "php" in /etc/nginx/conf.d/default.conf:9
2023/08/03 19:55:54 [notice] 1#1: using the "epoll" event method
2023/08/03 19:55:54 [notice] 1#1: nginx/1.25.1
2023/08/03 19:55:54 [notice] 1#1: built by gcc 12.2.1 20220924 (Alpine 12.2.1_git20220924-r4) 
2023/08/03 19:55:54 [notice] 1#1: OS: Linux 6.1.31-gentoo-dist
2023/08/03 19:55:54 [notice] 1#1: getrlimit(RLIMIT_NOFILE): 1048576:1048576
2023/08/03 19:55:54 [notice] 1#1: start worker processes
2023/08/03 19:55:54 [notice] 1#1: start worker process 29
2023/08/03 19:55:54 [notice] 1#1: start worker process 30
2023/08/03 19:55:54 [notice] 1#1: start worker process 31
2023/08/03 19:55:54 [notice] 1#1: start worker process 32
2023/08/03 19:55:54 [notice] 1#1: start worker process 33
2023/08/03 19:55:54 [notice] 1#1: start worker process 34
2023/08/03 19:55:54 [notice] 1#1: start worker process 35
2023/08/03 19:55:54 [notice] 1#1: start worker process 36
2023/08/03 19:56:48 [notice] 1#1: signal 3 (SIGQUIT) received, shutting down
2023/08/03 19:56:48 [notice] 31#31: gracefully shutting down
2023/08/03 19:56:48 [notice] 30#30: gracefully shutting down
2023/08/03 19:56:48 [notice] 31#31: exiting
2023/08/03 19:56:48 [notice] 29#29: gracefully shutting down
2023/08/03 19:56:48 [notice] 32#32: gracefully shutting down
2023/08/03 19:56:48 [notice] 30#30: exiting
2023/08/03 19:56:48 [notice] 29#29: exiting
2023/08/03 19:56:48 [notice] 32#32: exiting
2023/08/03 19:56:48 [notice] 31#31: exit
2023/08/03 19:56:48 [notice] 29#29: exit
2023/08/03 19:56:48 [notice] 32#32: exit
2023/08/03 19:56:48 [notice] 30#30: exit
2023/08/03 19:56:48 [notice] 33#33: gracefully shutting down
2023/08/03 19:56:48 [notice] 33#33: exiting
2023/08/03 19:56:48 [notice] 34#34: gracefully shutting down
2023/08/03 19:56:48 [notice] 33#33: exit
2023/08/03 19:56:48 [notice] 34#34: exiting
2023/08/03 19:56:48 [notice] 34#34: exit
2023/08/03 19:56:48 [notice] 35#35: gracefully shutting down
2023/08/03 19:56:48 [notice] 35#35: exiting
2023/08/03 19:56:48 [notice] 35#35: exit
2023/08/03 19:56:48 [notice] 36#36: gracefully shutting down
2023/08/03 19:56:48 [notice] 36#36: exiting
2023/08/03 19:56:48 [notice] 36#36: exit
2023/08/03 19:56:48 [notice] 1#1: signal 17 (SIGCHLD) received from 31
2023/08/03 19:56:48 [notice] 1#1: worker process 31 exited with code 0
2023/08/03 19:56:48 [notice] 1#1: signal 29 (SIGIO) received
2023/08/03 19:56:48 [notice] 1#1: signal 17 (SIGCHLD) received from 29
2023/08/03 19:56:48 [notice] 1#1: worker process 29 exited with code 0
2023/08/03 19:56:48 [notice] 1#1: worker process 32 exited with code 0
2023/08/03 19:56:48 [notice] 1#1: worker process 34 exited with code 0
2023/08/03 19:56:48 [notice] 1#1: worker process 36 exited with code 0
2023/08/03 19:56:48 [notice] 1#1: signal 29 (SIGIO) received
2023/08/03 19:56:48 [notice] 1#1: signal 17 (SIGCHLD) received from 36
2023/08/03 19:56:48 [notice] 1#1: signal 17 (SIGCHLD) received from 35
2023/08/03 19:56:48 [notice] 1#1: worker process 35 exited with code 0
2023/08/03 19:56:48 [notice] 1#1: signal 29 (SIGIO) received
2023/08/03 19:56:48 [notice] 1#1: signal 17 (SIGCHLD) received from 30
2023/08/03 19:56:48 [notice] 1#1: worker process 30 exited with code 0
2023/08/03 19:56:48 [notice] 1#1: signal 29 (SIGIO) received
2023/08/03 19:56:48 [notice] 1#1: signal 17 (SIGCHLD) received from 33
2023/08/03 19:56:48 [notice] 1#1: worker process 33 exited with code 0
2023/08/03 19:56:48 [notice] 1#1: exit
